Rufus x64 v4.11.2285
Windows version: Windows 10 Pro x64 (Build 19045.6466)
Syslinux versions: 4.07/2013-07-25, 6.04/pre1
Grub versions: 0.4.6a, 2.12
System locale ID: 0x0409 (en-US)
Will use default UI locale 0x0409
SetLGP: Successfully set NoDriveTypeAutorun policy to 0x0000009E
Localization set to 'en-US'
Notice: The ISO download feature has been deactivated because 'Check for updates' is disabled in your settings.
Found USB 3.0 device 'WD Elements 25A3 USB Device' (1058:25A3)
Device eliminated because it was detected as a Hard Drive or SSD (score 43 > 0)
If this device is not a Hard Drive or SSD, please e-mail the author of this application
NOTE: You can enable the listing of Hard Drives under 'advanced drive properties'
0 devices found
Scanning image...
ISO analysis:
  Image is an ISO9660 image
  Detected GRUB version: 2.06 (from '/boot/grub/i386-pc/normal.mod')
  Detected Shim version: 15.7 (from '/EFI/boot/bootx64.efi')
  Detected GRUB version: 2.06 (from '/EFI/boot/grubx64.efi')
  Supported GRUB filesystems: ext2, fat, hfsplus, iso9660, ntfs, gzio, xfs
Disk image analysis:
  Image has an unknown Master Boot Record
  Image is a bootable disk image
UEFI bootloaders analysis:
  • /EFI/boot/bootx64.efi*
  Signed by 'Microsoft Corporation UEFI CA 2011'
  SBAT version for 'shim' (3) is lower than required minimum SBAT version (4)!
  WARNING: '/EFI/boot/bootx64.efi' has been revoked by Linux SBAT
  • /EFI/boot/grubx64.efi
  Signed by 'Canonical Ltd. Secure Boot Signing (2022 v1)'
  SBAT version for 'grub' (4) is lower than required minimum SBAT version (5)!
  WARNING: '/EFI/boot/grubx64.efi' has been revoked by Linux SBAT
  • /EFI/boot/mmx64.efi
  Signed by 'Canonical Ltd. Secure Boot Signing (2022 v1)'
  SBAT version for 'shim' (3) is lower than required minimum SBAT version (4)!
  WARNING: '/EFI/boot/mmx64.efi' has been revoked by Linux SBAT
ISO label: 'Ubuntu 22.04.4 LTS amd64'
  Size: 4.7 GB (Projected)
  Has a >64 chars filename
  Uses: GRUB2 (2.06-ubuntu-22.04.4)
  Uses: EFI
  Note: This ISO uses symbolic links, which may not be replicated due to file system
  limitations. Because of this, some features from this image may not work...
Using image: ubuntu-22.04.4-desktop-amd64.iso (4.7 GB)
Found USB 3.0 device 'WD Elements 25A3 USB Device' (1058:25A3)
Device eliminated because it was detected as a Hard Drive or SSD (score 43 > 0)
If this device is not a Hard Drive or SSD, please e-mail the author of this application
NOTE: You can enable the listing of Hard Drives under 'advanced drive properties'
Found USB 2.0 device 'General UDisk USB Device' (048D:1234)
1 device found
Could not get Disk Extents: [0x00000001] Incorrect function.
Disk type: Removable, Disk size: 64 GB, Sector size: 512 bytes
Cylinders: 7648, Tracks per cylinder: 255, Sectors per track: 63
Partition type: MBR, NB Partitions: 1
Disk ID: 0x00000000
Drive has a Zeroed Master Boot Record
Partition 1:
  Type: exFAT (0x07)
  Detected File System: exFAT
  Size: 58.6 GB (62913511424 bytes)
  Start Sector: 2048, Boot: No
Found USB 3.0 device 'WD Elements 25A3 USB Device' (1058:25A3)
Device eliminated because it was detected as a Hard Drive or SSD (score 43 > 0)
If this device is not a Hard Drive or SSD, please e-mail the author of this application
NOTE: You can enable the listing of Hard Drives under 'advanced drive properties'
Found USB 2.0 device 'General UDisk USB Device' (048D:1234)
1 device found
Could not get Disk Extents: [0x00000001] Incorrect function.
Disk type: Removable, Disk size: 64 GB, Sector size: 512 bytes
Cylinders: 7648, Tracks per cylinder: 255, Sectors per track: 63
Partition type: MBR, NB Partitions: 1
Disk ID: 0x00000000
Drive has a Zeroed Master Boot Record
Partition 1:
  Type: exFAT (0x07)
  Detected File System: exFAT
  Size: 58.6 GB (62913511424 bytes)
  Start Sector: 2048, Boot: No
Downloading https://rufus.ie/files/grub-2.06-ubuntu-22.04.4/core.img
File not found 'https://rufus.ie/files/grub-2.06-ubuntu-22.04.4/core.img': 404
Downloading https://rufus.ie/files/grub-2.06-ubuntu-22.04/core.img
File not found 'https://rufus.ie/files/grub-2.06-ubuntu-22.04/core.img': 404
Downloading https://rufus.ie/files/grub-2.06-ubuntu-22/core.img
File not found 'https://rufus.ie/files/grub-2.06-ubuntu-22/core.img': 404
Downloading https://rufus.ie/files/grub-2.06-ubuntu/core.img
File not found 'https://rufus.ie/files/grub-2.06-ubuntu/core.img': 404
Downloading https://rufus.ie/files/grub-2.06/core.img
File length: 37.5 KB
Successfully downloaded 'core.img'
Download signature is valid ✓

Format operation started
Requesting disk access...
Will use 'I:' as volume mountpoint
Could not get Disk Extents: [0x00000001] Incorrect function.
Opened \\.\PhysicalDrive4 for exclusive write access
Analyzing existing boot records...
Drive has a Zeroed Master Boot Record
Clearing MBR/PBR/GPT structures...
Erasing 2176 sectors
Initializing disk...
Partitioning (MBR)...
● Creating Main Data Partition (offset: 1048576, size: 58.6 GB)
Waiting for logical drive to reappear...
Formatting (Large FAT32)...
Could not get Disk Extents: [0x00000001] Incorrect function.
Opened \\?\Volume{cad6b972-f141-11f0-944b-345a60774797} for exclusive write access
Size : 58.6 GB 122877888 sectors
Cluster size 32768 bytes, 512 bytes per sector
Volume ID is 9ff:1448
726 Reserved sectors, 14997 sectors per FAT, 2 FATs
1919487 Total clusters
1919486 Free clusters
Clearing out 30784 sectors for reserved sectors, FATs and root cluster...
Initializing reserved sectors and FATs...
FAT #0 sector at address: 726
FAT #1 sector at address: 15723
Writing Partition Boot Record...
Using Standard FAT32 partition boot record
Confirmed new volume has a primary FAT32 boot sector
Setting primary FAT32 boot sector for boot...
Confirmed new volume has a secondary FAT32 boot sector
Setting secondary FAT32 boot sector for boot...
Setting label...
Format completed.
Writing Master Boot Record...
Partition is already FAT32 LBA...
Set bootable USB partition as 0x80
Using Grub 2.0 MBR
Writing Grub 2.0 SBR (from download) ✓
Found volume \\?\Volume{cad6b972-f141-11f0-944b-345a60774797}\
Could not get Disk Extents: [0x00000001] Incorrect function.
Opened \\?\Volume{cad6b972-f141-11f0-944b-345a60774797} for exclusive write access
Writing Partition Boot Record...
Using Standard FAT32 partition boot record
Confirmed new volume has a primary FAT32 boot sector
Setting primary FAT32 boot sector for boot...
Confirmed new volume has a secondary FAT32 boot sector
Setting secondary FAT32 boot sector for boot...
Successfully remounted \\?\Volume{cad6b972-f141-11f0-944b-345a60774797}\ as I:
Extracting files...
Image is an ISO9660 image
This image will be extracted using Rock Ridge extensions (if present)
Extracting: I:\[boot]\0-boot-noemul.img (2 KB)
Extracting: I:\[boot]\1-boot-noemul.img (4.9 MB)
Extracting: I:\.disk\base_installable (0 bytes)
Extracting: I:\.disk\casper-uuid-generic (37 bytes)
Extracting: I:\.disk\cd_type (15 bytes)
Extracting: I:\.disk\info (63 bytes)
Extracting: I:\.disk\release_notes_url (80 bytes)
Extracting: I:\boot\grub\fonts\unicode.pf2 (2.3 MB)
Extracting: I:\boot\grub\grub.cfg (876 bytes)
Extracting: I:\boot\grub\i386-pc\915resolution.mod (7.8 KB)
Extracting: I:\boot\grub\i386-pc\acpi.mod (10.3 KB)
Extracting: I:\boot\grub\i386-pc\adler32.mod (1.2 KB)
Extracting: I:\boot\grub\i386-pc\affs.mod (5.5 KB)
Extracting: I:\boot\grub\i386-pc\afs.mod (5.9 KB)
Extracting: I:\boot\grub\i386-pc\afsplitter.mod (1.4 KB)
Extracting: I:\boot\grub\i386-pc\ahci.mod (15.1 KB)
Extracting: I:\boot\grub\i386-pc\all_video.mod (492 bytes)
Extracting: I:\boot\grub\i386-pc\aout.mod (956 bytes)
Extracting: I:\boot\grub\i386-pc\archelp.mod (2.8 KB)
Extracting: I:\boot\grub\i386-pc\ata.mod (5.4 KB)
Extracting: I:\boot\grub\i386-pc\at_keyboard.mod (4.0 KB)
Extracting: I:\boot\grub\i386-pc\backtrace.mod (1.5 KB)
Extracting: I:\boot\grub\i386-pc\bfs.mod (6.6 KB)
Extracting: I:\boot\grub\i386-pc\biosdisk.mod (4.5 KB)
Extracting: I:\boot\grub\i386-pc\bitmap.mod (2.2 KB)
Extracting: I:\boot\grub\i386-pc\bitmap_scale.mod (3.6 KB)
Extracting: I:\boot\grub\i386-pc\blocklist.mod (1.9 KB)
Extracting: I:\boot\grub\i386-pc\boot.mod (2.3 KB)
Extracting: I:\boot\grub\i386-pc\bsd.mod (29.8 KB)
Extracting: I:\boot\grub\i386-pc\bswap_test.mod (2.2 KB)
Extracting: I:\boot\grub\i386-pc\btrfs.mod (18.2 KB)
Extracting: I:\boot\grub\i386-pc\bufio.mod (2 KB)
Extracting: I:\boot\grub\i386-pc\cat.mod (2.8 KB)
Extracting: I:\boot\grub\i386-pc\cbfs.mod (3.8 KB)
Extracting: I:\boot\grub\i386-pc\cbls.mod (3.3 KB)
Extracting: I:\boot\grub\i386-pc\cbmemc.mod (2.4 KB)
Extracting: I:\boot\grub\i386-pc\cbtable.mod (1 KB)
Extracting: I:\boot\grub\i386-pc\cbtime.mod (2.7 KB)
Extracting: I:\boot\grub\i386-pc\chain.mod (3.3 KB)
Extracting: I:\boot\grub\i386-pc\cmdline_cat_test.mod (2.9 KB)
Extracting: I:\boot\grub\i386-pc\cmosdump.mod (1.1 KB)
Extracting: I:\boot\grub\i386-pc\cmostest.mod (1.8 KB)
Extracting: I:\boot\grub\i386-pc\cmp.mod (1.9 KB)
Extracting: I:\boot\grub\i386-pc\cmp_test.mod (4.5 KB)
Extracting: I:\boot\grub\i386-pc\command.lst (3.8 KB)
Extracting: I:\boot\grub\i386-pc\configfile.mod (2.1 KB)
Extracting: I:\boot\grub\i386-pc\cpio.mod (2.6 KB)
Extracting: I:\boot\grub\i386-pc\cpio_be.mod (2.6 KB)
Extracting: I:\boot\grub\i386-pc\cpuid.mod (1.6 KB)
Extracting: I:\boot\grub\i386-pc\crc64.mod (1.5 KB)
Extracting: I:\boot\grub\i386-pc\crypto.lst (936 bytes)
Extracting: I:\boot\grub\i386-pc\crypto.mod (4.8 KB)
Extracting: I:\boot\grub\i386-pc\cryptodisk.mod (11.5 KB)
Extracting: I:\boot\grub\i386-pc\cs5536.mod (3.5 KB)
Extracting: I:\boot\grub\i386-pc\ctz_test.mod (1.6 KB)
Extracting: I:\boot\grub\i386-pc\date.mod (2.1 KB)
Extracting: I:\boot\grub\i386-pc\datehook.mod (1.7 KB)
Extracting: I:\boot\grub\i386-pc\datetime.mod (2.1 KB)
Extracting: I:\boot\grub\i386-pc\disk.mod (2.3 KB)
Extracting: I:\boot\grub\i386-pc\diskfilter.mod (9.8 KB)
Extracting: I:\boot\grub\i386-pc\div.mod (944 bytes)
Extracting: I:\boot\grub\i386-pc\div_test.mod (5.4 KB)
Extracting: I:\boot\grub\i386-pc\dm_nv.mod (1.8 KB)
Extracting: I:\boot\grub\i386-pc\drivemap.mod (5.2 KB)
Extracting: I:\boot\grub\i386-pc\echo.mod (1.9 KB)
Extracting: I:\boot\grub\i386-pc\efiemu.mod (23.3 KB)
Extracting: I:\boot\grub\i386-pc\efiemu32.o (7.7 KB)
Extracting: I:\boot\grub\i386-pc\efiemu64.o (10.0 KB)
Extracting: I:\boot\grub\i386-pc\ehci.mod (15.8 KB)
Extracting: I:\boot\grub\i386-pc\elf.mod (3.9 KB)
Extracting: I:\boot\grub\i386-pc\eltorito.img (28.4 KB)
Extracting: I:\boot\grub\i386-pc\eval.mod (1.3 KB)
Extracting: I:\boot\grub\i386-pc\exfat.mod (5.9 KB)
Extracting: I:\boot\grub\i386-pc\exfctest.mod (1.3 KB)
Extracting: I:\boot\grub\i386-pc\ext2.mod (6.0 KB)
Extracting: I:\boot\grub\i386-pc\extcmd.mod (4.6 KB)
Extracting: I:\boot\grub\i386-pc\f2fs.mod (6.2 KB)
Extracting: I:\boot\grub\i386-pc\fat.mod (6 KB)
Extracting: I:\boot\grub\i386-pc\fdt.lst (0 bytes)
Extracting: I:\boot\grub\i386-pc\file.mod (16.6 KB)
Extracting: I:\boot\grub\i386-pc\font.mod (12.8 KB)
Extracting: I:\boot\grub\i386-pc\freedos.mod (2.6 KB)
Extracting: I:\boot\grub\i386-pc\fs.lst (219 bytes)
Extracting: I:\boot\grub\i386-pc\fshelp.mod (2.9 KB)
Extracting: I:\boot\grub\i386-pc\functional_test.mod (33.5 KB)
Extracting: I:\boot\grub\i386-pc\gcry_arcfour.mod (1.5 KB)
Extracting: I:\boot\grub\i386-pc\gcry_blowfish.mod (7.8 KB)
Extracting: I:\boot\grub\i386-pc\gcry_camellia.mod (32.5 KB)
Extracting: I:\boot\grub\i386-pc\gcry_cast5.mod (15.9 KB)
Extracting: I:\boot\grub\i386-pc\gcry_crc.mod (10.3 KB)
Extracting: I:\boot\grub\i386-pc\gcry_des.mod (18.7 KB)
Extracting: I:\boot\grub\i386-pc\gcry_dsa.mod (2.2 KB)
Extracting: I:\boot\grub\i386-pc\gcry_idea.mod (2.8 KB)
Extracting: I:\boot\grub\i386-pc\gcry_md4.mod (3 KB)
Extracting: I:\boot\grub\i386-pc\gcry_md5.mod (3.6 KB)
Extracting: I:\boot\grub\i386-pc\gcry_rfc2268.mod (2.3 KB)
Extracting: I:\boot\grub\i386-pc\gcry_rijndael.mod (18.9 KB)
Extracting: I:\boot\grub\i386-pc\gcry_rmd160.mod (7.9 KB)
Extracting: I:\boot\grub\i386-pc\gcry_rsa.mod (1.9 KB)
Extracting: I:\boot\grub\i386-pc\gcry_seed.mod (14.8 KB)
Extracting: I:\boot\grub\i386-pc\gcry_serpent.mod (16.6 KB)
Extracting: I:\boot\grub\i386-pc\gcry_sha1.mod (7.9 KB)
Extracting: I:\boot\grub\i386-pc\gcry_sha256.mod (4.1 KB)
Extracting: I:\boot\grub\i386-pc\gcry_sha512.mod (8.7 KB)
Extracting: I:\boot\grub\i386-pc\gcry_tiger.mod (12.0 KB)
Extracting: I:\boot\grub\i386-pc\gcry_twofish.mod (36.0 KB)
Extracting: I:\boot\grub\i386-pc\gcry_whirlpool.mod (24.0 KB)
Extracting: I:\boot\grub\i386-pc\gdb.mod (24.6 KB)
Extracting: I:\boot\grub\i386-pc\geli.mod (5.8 KB)
Extracting: I:\boot\grub\i386-pc\gettext.mod (4.8 KB)
Extracting: I:\boot\grub\i386-pc\gfxmenu.mod (38.3 KB)
Extracting: I:\boot\grub\i386-pc\gfxterm.mod (9.7 KB)
Extracting: I:\boot\grub\i386-pc\gfxterm_background.mod (2.8 KB)
Extracting: I:\boot\grub\i386-pc\gfxterm_menu.mod (4.8 KB)
Extracting: I:\boot\grub\i386-pc\gptsync.mod (3.7 KB)
Extracting: I:\boot\grub\i386-pc\gzio.mod (8.6 KB)
Extracting: I:\boot\grub\i386-pc\halt.mod (4.5 KB)
Extracting: I:\boot\grub\i386-pc\hashsum.mod (5.1 KB)
Extracting: I:\boot\grub\i386-pc\hdparm.mod (6.4 KB)
Extracting: I:\boot\grub\i386-pc\hello.mod (1.1 KB)
Extracting: I:\boot\grub\i386-pc\help.mod (2.4 KB)
Extracting: I:\boot\grub\i386-pc\hexdump.mod (3 KB)
Extracting: I:\boot\grub\i386-pc\hfs.mod (6.8 KB)
Extracting: I:\boot\grub\i386-pc\hfsplus.mod (7.9 KB)
Extracting: I:\boot\grub\i386-pc\hfspluscomp.mod (2.9 KB)
Extracting: I:\boot\grub\i386-pc\http.mod (5.5 KB)
Extracting: I:\boot\grub\i386-pc\hwmatch.mod (2.4 KB)
Extracting: I:\boot\grub\i386-pc\iorw.mod (2.7 KB)
Extracting: I:\boot\grub\i386-pc\iso9660.mod (8.4 KB)
Extracting: I:\boot\grub\i386-pc\jfs.mod (6 KB)
Extracting: I:\boot\grub\i386-pc\jpeg.mod (6.6 KB)
Extracting: I:\boot\grub\i386-pc\json.mod (3.4 KB)
Extracting: I:\boot\grub\i386-pc\keylayouts.mod (4.9 KB)
Extracting: I:\boot\grub\i386-pc\keystatus.mod (1.8 KB)
Extracting: I:\boot\grub\i386-pc\ldm.mod (6.2 KB)
Extracting: I:\boot\grub\i386-pc\legacycfg.mod (29.4 KB)
Extracting: I:\boot\grub\i386-pc\legacy_password_test.mod (14.1 KB)
Extracting: I:\boot\grub\i386-pc\linux.mod (13.0 KB)
Extracting: I:\boot\grub\i386-pc\linux16.mod (5.6 KB)
Extracting: I:\boot\grub\i386-pc\loadenv.mod (5.6 KB)
Extracting: I:\boot\grub\i386-pc\loopback.mod (2.9 KB)
Extracting: I:\boot\grub\i386-pc\ls.mod (3.8 KB)
Extracting: I:\boot\grub\i386-pc\lsacpi.mod (4.6 KB)
Extracting: I:\boot\grub\i386-pc\lsapm.mod (2.2 KB)
Extracting: I:\boot\grub\i386-pc\lsmmap.mod (1.8 KB)
Extracting: I:\boot\grub\i386-pc\lspci.mod (4.7 KB)
Extracting: I:\boot\grub\i386-pc\luks.mod (4.3 KB)
Extracting: I:\boot\grub\i386-pc\luks2.mod (13.9 KB)
Extracting: I:\boot\grub\i386-pc\lvm.mod (8.3 KB)
Extracting: I:\boot\grub\i386-pc\lzopio.mod (4.7 KB)
Extracting: I:\boot\grub\i386-pc\macbless.mod (3.1 KB)
Extracting: I:\boot\grub\i386-pc\macho.mod (7.2 KB)
Extracting: I:\boot\grub\i386-pc\mda_text.mod (2.0 KB)
Extracting: I:\boot\grub\i386-pc\mdraid09.mod (1.8 KB)
Extracting: I:\boot\grub\i386-pc\mdraid09_be.mod (1.9 KB)
Extracting: I:\boot\grub\i386-pc\mdraid1x.mod (1.8 KB)
Extracting: I:\boot\grub\i386-pc\memdisk.mod (1.9 KB)
Extracting: I:\boot\grub\i386-pc\memrw.mod (2.7 KB)
Extracting: I:\boot\grub\i386-pc\minicmd.mod (3.5 KB)
Extracting: I:\boot\grub\i386-pc\minix.mod (3.5 KB)
Extracting: I:\boot\grub\i386-pc\minix2.mod (3.6 KB)
Extracting: I:\boot\grub\i386-pc\minix2_be.mod (3.8 KB)
Extracting: I:\boot\grub\i386-pc\minix3.mod (3.6 KB)
Extracting: I:\boot\grub\i386-pc\minix3_be.mod (3.7 KB)
Extracting: I:\boot\grub\i386-pc\minix_be.mod (3.7 KB)
Extracting: I:\boot\grub\i386-pc\mmap.mod (8.3 KB)
Extracting: I:\boot\grub\i386-pc\moddep.lst (5.6 KB)
Extracting: I:\boot\grub\i386-pc\morse.mod (2.3 KB)
Extracting: I:\boot\grub\i386-pc\mpi.mod (26.8 KB)
Extracting: I:\boot\grub\i386-pc\msdospart.mod (2.3 KB)
Extracting: I:\boot\grub\i386-pc\multiboot.mod (13.7 KB)
Extracting: I:\boot\grub\i386-pc\multiboot2.mod (14.9 KB)
Extracting: I:\boot\grub\i386-pc\mul_test.mod (1.9 KB)
Extracting: I:\boot\grub\i386-pc\nativedisk.mod (4.3 KB)
Extracting: I:\boot\grub\i386-pc\net.mod (56.3 KB)
Extracting: I:\boot\grub\i386-pc\newc.mod (2.8 KB)
Extracting: I:\boot\grub\i386-pc\nilfs2.mod (6.6 KB)
Extracting: I:\boot\grub\i386-pc\normal.mod (112.8 KB)
Extracting: I:\boot\grub\i386-pc\ntfs.mod (9.7 KB)
Extracting: I:\boot\grub\i386-pc\ntfscomp.mod (4.2 KB)
Extracting: I:\boot\grub\i386-pc\ntldr.mod (2.4 KB)
Extracting: I:\boot\grub\i386-pc\odc.mod (2.6 KB)
Extracting: I:\boot\grub\i386-pc\offsetio.mod (1.4 KB)
Extracting: I:\boot\grub\i386-pc\ohci.mod (10.1 KB)
Extracting: I:\boot\grub\i386-pc\partmap.lst (111 bytes)
Extracting: I:\boot\grub\i386-pc\parttool.lst (17 bytes)
Extracting: I:\boot\grub\i386-pc\parttool.mod (4.6 KB)
Extracting: I:\boot\grub\i386-pc\part_acorn.mod (1.6 KB)
Extracting: I:\boot\grub\i386-pc\part_amiga.mod (1.8 KB)
Extracting: I:\boot\grub\i386-pc\part_apple.mod (2 KB)
Extracting: I:\boot\grub\i386-pc\part_bsd.mod (2.6 KB)
Extracting: I:\boot\grub\i386-pc\part_dfly.mod (1.7 KB)
Extracting: I:\boot\grub\i386-pc\part_dvh.mod (1.4 KB)
Extracting: I:\boot\grub\i386-pc\part_gpt.mod (2.3 KB)
Extracting: I:\boot\grub\i386-pc\part_msdos.mod (2.2 KB)
Extracting: I:\boot\grub\i386-pc\part_plan.mod (1.7 KB)
Extracting: I:\boot\grub\i386-pc\part_sun.mod (1.4 KB)
Extracting: I:\boot\grub\i386-pc\part_sunpc.mod (1.5 KB)
Extracting: I:\boot\grub\i386-pc\password.mod (1.8 KB)
Extracting: I:\boot\grub\i386-pc\password_pbkdf2.mod (2.7 KB)
Extracting: I:\boot\grub\i386-pc\pata.mod (4.7 KB)
Extracting: I:\boot\grub\i386-pc\pbkdf2.mod (1.3 KB)
Extracting: I:\boot\grub\i386-pc\pbkdf2_test.mod (2.1 KB)
Extracting: I:\boot\grub\i386-pc\pci.mod (1.3 KB)
Extracting: I:\boot\grub\i386-pc\pcidump.mod (2.4 KB)
Extracting: I:\boot\grub\i386-pc\pgp.mod (11.1 KB)
Extracting: I:\boot\grub\i386-pc\plan9.mod (6.2 KB)
Extracting: I:\boot\grub\i386-pc\play.mod (2.4 KB)
Extracting: I:\boot\grub\i386-pc\png.mod (7.4 KB)
Extracting: I:\boot\grub\i386-pc\priority_queue.mod (1.5 KB)
Extracting: I:\boot\grub\i386-pc\probe.mod (3.4 KB)
Extracting: I:\boot\grub\i386-pc\procfs.mod (2.2 KB)
Extracting: I:\boot\grub\i386-pc\progress.mod (2.1 KB)
Extracting: I:\boot\grub\i386-pc\pxe.mod (3.7 KB)
Extracting: I:\boot\grub\i386-pc\pxechain.mod (2.6 KB)
Extracting: I:\boot\grub\i386-pc\raid5rec.mod (1.3 KB)
Extracting: I:\boot\grub\i386-pc\raid6rec.mod (2.1 KB)
Extracting: I:\boot\grub\i386-pc\random.mod (3.6 KB)
Extracting: I:\boot\grub\i386-pc\rdmsr.mod (1.8 KB)
Extracting: I:\boot\grub\i386-pc\read.mod (1.4 KB)
Extracting: I:\boot\grub\i386-pc\reboot.mod (1.6 KB)
Extracting: I:\boot\grub\i386-pc\regexp.mod (49.9 KB)
Extracting: I:\boot\grub\i386-pc\reiserfs.mod (8.6 KB)
Extracting: I:\boot\grub\i386-pc\relocator.mod (14.7 KB)
Extracting: I:\boot\grub\i386-pc\romfs.mod (4.1 KB)
Extracting: I:\boot\grub\i386-pc\scsi.mod (4.5 KB)
Extracting: I:\boot\grub\i386-pc\search.mod (3.5 KB)
Extracting: I:\boot\grub\i386-pc\search_fs_file.mod (3 KB)
Extracting: I:\boot\grub\i386-pc\search_fs_uuid.mod (3.1 KB)
Extracting: I:\boot\grub\i386-pc\search_label.mod (3 KB)
Extracting: I:\boot\grub\i386-pc\sendkey.mod (6.9 KB)
Extracting: I:\boot\grub\i386-pc\serial.mod (7.5 KB)
Extracting: I:\boot\grub\i386-pc\setjmp.mod (628 bytes)
Extracting: I:\boot\grub\i386-pc\setjmp_test.mod (1.6 KB)
Extracting: I:\boot\grub\i386-pc\setpci.mod (5.1 KB)
Extracting: I:\boot\grub\i386-pc\sfs.mod (5.1 KB)
Extracting: I:\boot\grub\i386-pc\shift_test.mod (2.3 KB)
Extracting: I:\boot\grub\i386-pc\signature_test.mod (6.2 KB)
Extracting: I:\boot\grub\i386-pc\sleep.mod (2.1 KB)
Extracting: I:\boot\grub\i386-pc\sleep_test.mod (2.2 KB)
Extracting: I:\boot\grub\i386-pc\smbios.mod (5.5 KB)
Extracting: I:\boot\grub\i386-pc\spkmodem.mod (2.0 KB)
Extracting: I:\boot\grub\i386-pc\squash4.mod (7.0 KB)
Extracting: I:\boot\grub\i386-pc\strtoull_test.mod (2.1 KB)
Extracting: I:\boot\grub\i386-pc\syslinuxcfg.mod (17.0 KB)
Extracting: I:\boot\grub\i386-pc\tar.mod (3.2 KB)
Extracting: I:\boot\grub\i386-pc\terminal.lst (202 bytes)
Extracting: I:\boot\grub\i386-pc\terminal.mod (4.3 KB)
Extracting: I:\boot\grub\i386-pc\terminfo.mod (12.3 KB)
Extracting: I:\boot\grub\i386-pc\test.mod (4.9 KB)
Extracting: I:\boot\grub\i386-pc\testload.mod (2.6 KB)
Extracting: I:\boot\grub\i386-pc\testspeed.mod (2.2 KB)
Extracting: I:\boot\grub\i386-pc\test_blockarg.mod (1.2 KB)
Extracting: I:\boot\grub\i386-pc\tftp.mod (4.8 KB)
Extracting: I:\boot\grub\i386-pc\tga.mod (4.5 KB)
Extracting: I:\boot\grub\i386-pc\time.mod (1.4 KB)
Extracting: I:\boot\grub\i386-pc\tr.mod (2.3 KB)
Extracting: I:\boot\grub\i386-pc\trig.mod (1.6 KB)
Extracting: I:\boot\grub\i386-pc\true.mod (1.1 KB)
Extracting: I:\boot\grub\i386-pc\truecrypt.mod (3.5 KB)
Extracting: I:\boot\grub\i386-pc\udf.mod (8.3 KB)
Extracting: I:\boot\grub\i386-pc\ufs1.mod (5.2 KB)
Extracting: I:\boot\grub\i386-pc\ufs1_be.mod (5.6 KB)
Extracting: I:\boot\grub\i386-pc\ufs2.mod (5.3 KB)
Extracting: I:\boot\grub\i386-pc\uhci.mod (6.4 KB)
Extracting: I:\boot\grub\i386-pc\usb.mod (10.3 KB)
Extracting: I:\boot\grub\i386-pc\usbms.mod (6.8 KB)
Extracting: I:\boot\grub\i386-pc\usbserial_common.mod (1.9 KB)
Extracting: I:\boot\grub\i386-pc\usbserial_ftdi.mod (2.2 KB)
Extracting: I:\boot\grub\i386-pc\usbserial_pl2303.mod (2.6 KB)
Extracting: I:\boot\grub\i386-pc\usbserial_usbdebug.mod (1.4 KB)
Extracting: I:\boot\grub\i386-pc\usbtest.mod (3.5 KB)
Extracting: I:\boot\grub\i386-pc\usb_keyboard.mod (3.8 KB)
Extracting: I:\boot\grub\i386-pc\vbe.mod (9.5 KB)
Extracting: I:\boot\grub\i386-pc\verifiers.mod (2.6 KB)
Extracting: I:\boot\grub\i386-pc\vga.mod (4.9 KB)
Extracting: I:\boot\grub\i386-pc\vga_text.mod (2.1 KB)
Extracting: I:\boot\grub\i386-pc\video.lst (33 bytes)
Extracting: I:\boot\grub\i386-pc\video.mod (5.8 KB)
Extracting: I:\boot\grub\i386-pc\videoinfo.mod (3.8 KB)
Extracting: I:\boot\grub\i386-pc\videotest.mod (4.1 KB)
Extracting: I:\boot\grub\i386-pc\videotest_checksum.mod (2.2 KB)
Extracting: I:\boot\grub\i386-pc\video_bochs.mod (5.5 KB)
Extracting: I:\boot\grub\i386-pc\video_cirrus.mod (5.9 KB)
Extracting: I:\boot\grub\i386-pc\video_colors.mod (5.4 KB)
Extracting: I:\boot\grub\i386-pc\video_fb.mod (20.4 KB)
Extracting: I:\boot\grub\i386-pc\wrmsr.mod (1.4 KB)
Extracting: I:\boot\grub\i386-pc\xfs.mod (7.4 KB)
Extracting: I:\boot\grub\i386-pc\xnu.mod (27.0 KB)
Extracting: I:\boot\grub\i386-pc\xnu_uuid.mod (2 KB)
Extracting: I:\boot\grub\i386-pc\xnu_uuid_test.mod (1.9 KB)
Extracting: I:\boot\grub\i386-pc\xzio.mod (15.1 KB)
Extracting: I:\boot\grub\i386-pc\zfs.mod (39.2 KB)
Extracting: I:\boot\grub\i386-pc\zfscrypt.mod (5.3 KB)
Extracting: I:\boot\grub\i386-pc\zfsinfo.mod (6.4 KB)
Extracting: I:\boot\grub\i386-pc\zstd.mod (44.8 KB)
Extracting: I:\boot\grub\loopback.cfg (644 bytes)
Extracting: I:\boot\grub\x86_64-efi\acpi.mod (15.2 KB)
Extracting: I:\boot\grub\x86_64-efi\adler32.mod (1.9 KB)
Extracting: I:\boot\grub\x86_64-efi\affs.mod (7.9 KB)
Extracting: I:\boot\grub\x86_64-efi\afs.mod (8.2 KB)
Extracting: I:\boot\grub\x86_64-efi\afsplitter.mod (2.1 KB)
Extracting: I:\boot\grub\x86_64-efi\ahci.mod (22.4 KB)
Extracting: I:\boot\grub\x86_64-efi\all_video.mod (824 bytes)
Extracting: I:\boot\grub\x86_64-efi\aout.mod (1.5 KB)
Extracting: I:\boot\grub\x86_64-efi\appleldr.mod (5.3 KB)
Extracting: I:\boot\grub\x86_64-efi\archelp.mod (4.5 KB)
Extracting: I:\boot\grub\x86_64-efi\ata.mod (8.8 KB)
Extracting: I:\boot\grub\x86_64-efi\at_keyboard.mod (6.7 KB)
Extracting: I:\boot\grub\x86_64-efi\backtrace.mod (2.5 KB)
Extracting: I:\boot\grub\x86_64-efi\bfs.mod (9.3 KB)
Extracting: I:\boot\grub\x86_64-efi\bitmap.mod (3.2 KB)
Extracting: I:\boot\grub\x86_64-efi\bitmap_scale.mod (5.3 KB)
Extracting: I:\boot\grub\x86_64-efi\blocklist.mod (3.0 KB)
Extracting: I:\boot\grub\x86_64-efi\boot.mod (3.8 KB)
Extracting: I:\boot\grub\x86_64-efi\bsd.mod (47.6 KB)
Extracting: I:\boot\grub\x86_64-efi\bswap_test.mod (3.2 KB)
Extracting: I:\boot\grub\x86_64-efi\btrfs.mod (26.1 KB)
Extracting: I:\boot\grub\x86_64-efi\bufio.mod (2.9 KB)
Extracting: I:\boot\grub\x86_64-efi\cat.mod (4.4 KB)
Extracting: I:\boot\grub\x86_64-efi\cbfs.mod (5.7 KB)
Extracting: I:\boot\grub\x86_64-efi\cbls.mod (5.6 KB)
Extracting: I:\boot\grub\x86_64-efi\cbmemc.mod (3.9 KB)
Extracting: I:\boot\grub\x86_64-efi\cbtable.mod (1.6 KB)
Extracting: I:\boot\grub\x86_64-efi\cbtime.mod (4.4 KB)
Extracting: I:\boot\grub\x86_64-efi\chain.mod (18.5 KB)
Extracting: I:\boot\grub\x86_64-efi\cmdline_cat_test.mod (4.6 KB)
Extracting: I:\boot\grub\x86_64-efi\cmp.mod (2.8 KB)
Extracting: I:\boot\grub\x86_64-efi\cmp_test.mod (6.4 KB)
Extracting: I:\boot\grub\x86_64-efi\command.lst (3.6 KB)
Extracting: I:\boot\grub\x86_64-efi\configfile.mod (3.5 KB)
Extracting: I:\boot\grub\x86_64-efi\cpio.mod (4.3 KB)
Extracting: I:\boot\grub\x86_64-efi\cpio_be.mod (4.3 KB)
Extracting: I:\boot\grub\x86_64-efi\cpuid.mod (2.5 KB)
Extracting: I:\boot\grub\x86_64-efi\crc64.mod (2.1 KB)
Extracting: I:\boot\grub\x86_64-efi\crypto.lst (936 bytes)
Extracting: I:\boot\grub\x86_64-efi\crypto.mod (6.9 KB)
Extracting: I:\boot\grub\x86_64-efi\cryptodisk.mod (17.8 KB)
Extracting: I:\boot\grub\x86_64-efi\cs5536.mod (3.9 KB)
Extracting: I:\boot\grub\x86_64-efi\ctz_test.mod (2.6 KB)
Extracting: I:\boot\grub\x86_64-efi\date.mod (3.1 KB)
Extracting: I:\boot\grub\x86_64-efi\datehook.mod (3.0 KB)
Extracting: I:\boot\grub\x86_64-efi\datetime.mod (3 KB)
Extracting: I:\boot\grub\x86_64-efi\disk.mod (3.1 KB)
Extracting: I:\boot\grub\x86_64-efi\diskfilter.mod (12.8 KB)
Extracting: I:\boot\grub\x86_64-efi\div.mod (1.4 KB)
Extracting: I:\boot\grub\x86_64-efi\div_test.mod (7.9 KB)
Extracting: I:\boot\grub\x86_64-efi\dm_nv.mod (2.8 KB)
Extracting: I:\boot\grub\x86_64-efi\echo.mod (3.0 KB)
Extracting: I:\boot\grub\x86_64-efi\efifwsetup.mod (2.1 KB)
Extracting: I:\boot\grub\x86_64-efi\efinet.mod (10.2 KB)
Extracting: I:\boot\grub\x86_64-efi\efi_gop.mod (12.6 KB)
Extracting: I:\boot\grub\x86_64-efi\efi_uga.mod (7 KB)
Extracting: I:\boot\grub\x86_64-efi\ehci.mod (25.3 KB)
Extracting: I:\boot\grub\x86_64-efi\elf.mod (6.1 KB)
Extracting: I:\boot\grub\x86_64-efi\eval.mod (2.2 KB)
Extracting: I:\boot\grub\x86_64-efi\exfat.mod (8.5 KB)
Extracting: I:\boot\grub\x86_64-efi\exfctest.mod (2.2 KB)
Extracting: I:\boot\grub\x86_64-efi\ext2.mod (8.7 KB)
Extracting: I:\boot\grub\x86_64-efi\extcmd.mod (7.6 KB)
Extracting: I:\boot\grub\x86_64-efi\f2fs.mod (9.9 KB)
Extracting: I:\boot\grub\x86_64-efi\fat.mod (8.6 KB)
Extracting: I:\boot\grub\x86_64-efi\fdt.lst (0 bytes)
Extracting: I:\boot\grub\x86_64-efi\file.mod (25.4 KB)
Extracting: I:\boot\grub\x86_64-efi\fixvideo.mod (3 KB)
Extracting: I:\boot\grub\x86_64-efi\font.mod (19.3 KB)
Extracting: I:\boot\grub\x86_64-efi\fs.lst (219 bytes)
Extracting: I:\boot\grub\x86_64-efi\fshelp.mod (4.4 KB)
Extracting: I:\boot\grub\x86_64-efi\functional_test.mod (45.7 KB)
Extracting: I:\boot\grub\x86_64-efi\gcry_arcfour.mod (2.4 KB)
Extracting: I:\boot\grub\x86_64-efi\gcry_blowfish.mod (8.9 KB)
Extracting: I:\boot\grub\x86_64-efi\gcry_camellia.mod (27.8 KB)
Extracting: I:\boot\grub\x86_64-efi\gcry_cast5.mod (14.5 KB)
Extracting: I:\boot\grub\x86_64-efi\gcry_crc.mod (11.7 KB)
Extracting: I:\boot\grub\x86_64-efi\gcry_des.mod (16.1 KB)
Extracting: I:\boot\grub\x86_64-efi\gcry_dsa.mod (3.4 KB)
Extracting: I:\boot\grub\x86_64-efi\gcry_idea.mod (4.0 KB)
Extracting: I:\boot\grub\x86_64-efi\gcry_md4.mod (4.1 KB)
Extracting: I:\boot\grub\x86_64-efi\gcry_md5.mod (4.5 KB)
Extracting: I:\boot\grub\x86_64-efi\gcry_rfc2268.mod (3.1 KB)
Extracting: I:\boot\grub\x86_64-efi\gcry_rijndael.mod (20 KB)
Extracting: I:\boot\grub\x86_64-efi\gcry_rmd160.mod (7.8 KB)
Extracting: I:\boot\grub\x86_64-efi\gcry_rsa.mod (3.3 KB)
Extracting: I:\boot\grub\x86_64-efi\gcry_seed.mod (13 KB)
Extracting: I:\boot\grub\x86_64-efi\gcry_serpent.mod (16.3 KB)
Extracting: I:\boot\grub\x86_64-efi\gcry_sha1.mod (7.6 KB)
Extracting: I:\boot\grub\x86_64-efi\gcry_sha256.mod (5.1 KB)
Extracting: I:\boot\grub\x86_64-efi\gcry_sha512.mod (5.9 KB)
Extracting: I:\boot\grub\x86_64-efi\gcry_tiger.mod (12.9 KB)
Extracting: I:\boot\grub\x86_64-efi\gcry_twofish.mod (32.7 KB)
Extracting: I:\boot\grub\x86_64-efi\gcry_whirlpool.mod (22.4 KB)
Extracting: I:\boot\grub\x86_64-efi\geli.mod (9.1 KB)
Extracting: I:\boot\grub\x86_64-efi\gettext.mod (8.5 KB)
Extracting: I:\boot\grub\x86_64-efi\gfxmenu.mod (58.9 KB)
Extracting: I:\boot\grub\x86_64-efi\gfxterm.mod (16.6 KB)
Extracting: I:\boot\grub\x86_64-efi\gfxterm_background.mod (4.4 KB)
Extracting: I:\boot\grub\x86_64-efi\gfxterm_menu.mod (7.6 KB)
Extracting: I:\boot\grub\x86_64-efi\gptsync.mod (5.2 KB)
Extracting: I:\boot\grub\x86_64-efi\gzio.mod (12.2 KB)
Extracting: I:\boot\grub\x86_64-efi\halt.mod (7.4 KB)
Extracting: I:\boot\grub\x86_64-efi\hashsum.mod (8.3 KB)
Extracting: I:\boot\grub\x86_64-efi\hdparm.mod (10.2 KB)
Extracting: I:\boot\grub\x86_64-efi\hello.mod (1.8 KB)
Extracting: I:\boot\grub\x86_64-efi\help.mod (3.9 KB)
Extracting: I:\boot\grub\x86_64-efi\hexdump.mod (4.4 KB)
Extracting: I:\boot\grub\x86_64-efi\hfs.mod (10.1 KB)
Extracting: I:\boot\grub\x86_64-efi\hfsplus.mod (11.0 KB)
Extracting: I:\boot\grub\x86_64-efi\hfspluscomp.mod (4.2 KB)
Extracting: I:\boot\grub\x86_64-efi\http.mod (9.4 KB)
Extracting: I:\boot\grub\x86_64-efi\iorw.mod (4.5 KB)
Extracting: I:\boot\grub\x86_64-efi\iso9660.mod (12 KB)
Extracting: I:\boot\grub\x86_64-efi\jfs.mod (8.8 KB)
Extracting: I:\boot\grub\x86_64-efi\jpeg.mod (10.3 KB)
Extracting: I:\boot\grub\x86_64-efi\json.mod (4.8 KB)
Extracting: I:\boot\grub\x86_64-efi\keylayouts.mod (6.3 KB)
Extracting: I:\boot\grub\x86_64-efi\keystatus.mod (2.9 KB)
Extracting: I:\boot\grub\x86_64-efi\ldm.mod (8 KB)
Extracting: I:\boot\grub\x86_64-efi\legacycfg.mod (44.6 KB)
Extracting: I:\boot\grub\x86_64-efi\legacy_password_test.mod (15.6 KB)
Extracting: I:\boot\grub\x86_64-efi\linux.mod (20.4 KB)
Extracting: I:\boot\grub\x86_64-efi\linux16.mod (8.8 KB)
Extracting: I:\boot\grub\x86_64-efi\linuxefi.mod (13.1 KB)
Extracting: I:\boot\grub\x86_64-efi\loadbios.mod (4.6 KB)
Extracting: I:\boot\grub\x86_64-efi\loadenv.mod (9.0 KB)
Extracting: I:\boot\grub\x86_64-efi\loopback.mod (4.7 KB)
Extracting: I:\boot\grub\x86_64-efi\ls.mod (6.3 KB)
Extracting: I:\boot\grub\x86_64-efi\lsacpi.mod (7.0 KB)
Extracting: I:\boot\grub\x86_64-efi\lsefi.mod (5.2 KB)
Extracting: I:\boot\grub\x86_64-efi\lsefimmap.mod (3.6 KB)
Extracting: I:\boot\grub\x86_64-efi\lsefisystab.mod (4.3 KB)
Extracting: I:\boot\grub\x86_64-efi\lsmmap.mod (2.9 KB)
Extracting: I:\boot\grub\x86_64-efi\lspci.mod (7.1 KB)
Extracting: I:\boot\grub\x86_64-efi\lssal.mod (3.8 KB)
Extracting: I:\boot\grub\x86_64-efi\luks.mod (6.5 KB)
Extracting: I:\boot\grub\x86_64-efi\luks2.mod (20.2 KB)
Extracting: I:\boot\grub\x86_64-efi\lvm.mod (11.7 KB)
Extracting: I:\boot\grub\x86_64-efi\lzopio.mod (6.7 KB)
Extracting: I:\boot\grub\x86_64-efi\macbless.mod (4.8 KB)
Extracting: I:\boot\grub\x86_64-efi\macho.mod (10.6 KB)
Extracting: I:\boot\grub\x86_64-efi\mdraid09.mod (2.8 KB)
Extracting: I:\boot\grub\x86_64-efi\mdraid09_be.mod (2.8 KB)
Extracting: I:\boot\grub\x86_64-efi\mdraid1x.mod (2.6 KB)
Extracting: I:\boot\grub\x86_64-efi\memdisk.mod (3.2 KB)
Extracting: I:\boot\grub\x86_64-efi\memrw.mod (4.6 KB)
Extracting: I:\boot\grub\x86_64-efi\minicmd.mod (5.9 KB)
Extracting: I:\boot\grub\x86_64-efi\minix.mod (5.5 KB)
Extracting: I:\boot\grub\x86_64-efi\minix2.mod (5.6 KB)
Extracting: I:\boot\grub\x86_64-efi\minix2_be.mod (5.7 KB)
Extracting: I:\boot\grub\x86_64-efi\minix3.mod (5.7 KB)
Extracting: I:\boot\grub\x86_64-efi\minix3_be.mod (5.8 KB)
Extracting: I:\boot\grub\x86_64-efi\minix_be.mod (5.6 KB)
Extracting: I:\boot\grub\x86_64-efi\mmap.mod (9.4 KB)
Extracting: I:\boot\grub\x86_64-efi\moddep.lst (5.1 KB)
Extracting: I:\boot\grub\x86_64-efi\morse.mod (3.3 KB)
Extracting: I:\boot\grub\x86_64-efi\mpi.mod (42.8 KB)
Extracting: I:\boot\grub\x86_64-efi\msdospart.mod (3.7 KB)
Extracting: I:\boot\grub\x86_64-efi\multiboot.mod (20.7 KB)
Extracting: I:\boot\grub\x86_64-efi\multiboot2.mod (23.7 KB)
Extracting: I:\boot\grub\x86_64-efi\mul_test.mod (2.4 KB)
Extracting: I:\boot\grub\x86_64-efi\nativedisk.mod (7.2 KB)
Extracting: I:\boot\grub\x86_64-efi\net.mod (130.3 KB)
Extracting: I:\boot\grub\x86_64-efi\newc.mod (4.5 KB)
Extracting: I:\boot\grub\x86_64-efi\nilfs2.mod (9.8 KB)
Extracting: I:\boot\grub\x86_64-efi\normal.mod (173 KB)
Extracting: I:\boot\grub\x86_64-efi\ntfs.mod (15.7 KB)
Extracting: I:\boot\grub\x86_64-efi\ntfscomp.mod (5.6 KB)
Extracting: I:\boot\grub\x86_64-efi\odc.mod (4.3 KB)
Extracting: I:\boot\grub\x86_64-efi\offsetio.mod (2.2 KB)
Extracting: I:\boot\grub\x86_64-efi\ohci.mod (15.5 KB)
Extracting: I:\boot\grub\x86_64-efi\partmap.lst (111 bytes)
Extracting: I:\boot\grub\x86_64-efi\parttool.lst (17 bytes)
Extracting: I:\boot\grub\x86_64-efi\parttool.mod (7.2 KB)
Extracting: I:\boot\grub\x86_64-efi\part_acorn.mod (2.3 KB)
Extracting: I:\boot\grub\x86_64-efi\part_amiga.mod (2.6 KB)
Extracting: I:\boot\grub\x86_64-efi\part_apple.mod (3.0 KB)
Extracting: I:\boot\grub\x86_64-efi\part_bsd.mod (4.2 KB)
Extracting: I:\boot\grub\x86_64-efi\part_dfly.mod (2.6 KB)
Extracting: I:\boot\grub\x86_64-efi\part_dvh.mod (2.2 KB)
Extracting: I:\boot\grub\x86_64-efi\part_gpt.mod (3.2 KB)
Extracting: I:\boot\grub\x86_64-efi\part_msdos.mod (3.0 KB)
Extracting: I:\boot\grub\x86_64-efi\part_plan.mod (2.5 KB)
Extracting: I:\boot\grub\x86_64-efi\part_sun.mod (2.2 KB)
Extracting: I:\boot\grub\x86_64-efi\part_sunpc.mod (2.5 KB)
Extracting: I:\boot\grub\x86_64-efi\password.mod (2.9 KB)
Extracting: I:\boot\grub\x86_64-efi\password_pbkdf2.mod (4.5 KB)
Extracting: I:\boot\grub\x86_64-efi\pata.mod (7.5 KB)
Extracting: I:\boot\grub\x86_64-efi\pbkdf2.mod (1.9 KB)
Extracting: I:\boot\grub\x86_64-efi\pbkdf2_test.mod (3.4 KB)
Extracting: I:\boot\grub\x86_64-efi\pcidump.mod (3.5 KB)
Extracting: I:\boot\grub\x86_64-efi\pgp.mod (19.0 KB)
Extracting: I:\boot\grub\x86_64-efi\play.mod (3.9 KB)
Extracting: I:\boot\grub\x86_64-efi\png.mod (10.5 KB)
Extracting: I:\boot\grub\x86_64-efi\priority_queue.mod (2.3 KB)
Extracting: I:\boot\grub\x86_64-efi\probe.mod (5.5 KB)
Extracting: I:\boot\grub\x86_64-efi\procfs.mod (3.8 KB)
Extracting: I:\boot\grub\x86_64-efi\progress.mod (3.1 KB)
Extracting: I:\boot\grub\x86_64-efi\raid5rec.mod (2.0 KB)
Extracting: I:\boot\grub\x86_64-efi\raid6rec.mod (3.3 KB)
Extracting: I:\boot\grub\x86_64-efi\random.mod (3.6 KB)
Extracting: I:\boot\grub\x86_64-efi\rdmsr.mod (3.1 KB)
Extracting: I:\boot\grub\x86_64-efi\read.mod (2.3 KB)
Extracting: I:\boot\grub\x86_64-efi\reboot.mod (1.6 KB)
Extracting: I:\boot\grub\x86_64-efi\regexp.mod (76.1 KB)
Extracting: I:\boot\grub\x86_64-efi\reiserfs.mod (13.6 KB)
Extracting: I:\boot\grub\x86_64-efi\relocator.mod (25.8 KB)
Extracting: I:\boot\grub\x86_64-efi\romfs.mod (5.6 KB)
Extracting: I:\boot\grub\x86_64-efi\scsi.mod (6.9 KB)
Extracting: I:\boot\grub\x86_64-efi\search.mod (5.4 KB)
Extracting: I:\boot\grub\x86_64-efi\search_fs_file.mod (4.7 KB)
Extracting: I:\boot\grub\x86_64-efi\search_fs_uuid.mod (4.8 KB)
Extracting: I:\boot\grub\x86_64-efi\search_label.mod (4.7 KB)
Extracting: I:\boot\grub\x86_64-efi\serial.mod (14.5 KB)
Extracting: I:\boot\grub\x86_64-efi\setjmp.mod (912 bytes)
Extracting: I:\boot\grub\x86_64-efi\setjmp_test.mod (2.6 KB)
Extracting: I:\boot\grub\x86_64-efi\setpci.mod (8.2 KB)
Extracting: I:\boot\grub\x86_64-efi\sfs.mod (7.8 KB)
Extracting: I:\boot\grub\x86_64-efi\shift_test.mod (3.1 KB)
Extracting: I:\boot\grub\x86_64-efi\signature_test.mod (8.6 KB)
Extracting: I:\boot\grub\x86_64-efi\sleep.mod (3.3 KB)
Extracting: I:\boot\grub\x86_64-efi\sleep_test.mod (3.3 KB)
Extracting: I:\boot\grub\x86_64-efi\smbios.mod (8.5 KB)
Extracting: I:\boot\grub\x86_64-efi\spkmodem.mod (3.2 KB)
Extracting: I:\boot\grub\x86_64-efi\squash4.mod (9.9 KB)
Extracting: I:\boot\grub\x86_64-efi\strtoull_test.mod (3.2 KB)
Extracting: I:\boot\grub\x86_64-efi\syslinuxcfg.mod (29.4 KB)
Extracting: I:\boot\grub\x86_64-efi\tar.mod (4.9 KB)
Extracting: I:\boot\grub\x86_64-efi\terminal.lst (162 bytes)
Extracting: I:\boot\grub\x86_64-efi\terminal.mod (6.6 KB)
Extracting: I:\boot\grub\x86_64-efi\terminfo.mod (20.2 KB)
Extracting: I:\boot\grub\x86_64-efi\test.mod (7.4 KB)
Extracting: I:\boot\grub\x86_64-efi\testload.mod (3.8 KB)
Extracting: I:\boot\grub\x86_64-efi\testspeed.mod (3.5 KB)
Extracting: I:\boot\grub\x86_64-efi\test_blockarg.mod (2 KB)
Extracting: I:\boot\grub\x86_64-efi\tftp.mod (7.6 KB)
Extracting: I:\boot\grub\x86_64-efi\tga.mod (6.9 KB)
Extracting: I:\boot\grub\x86_64-efi\time.mod (2.3 KB)
Extracting: I:\boot\grub\x86_64-efi\tpm.mod (7.2 KB)
Extracting: I:\boot\grub\x86_64-efi\tr.mod (3.6 KB)
Extracting: I:\boot\grub\x86_64-efi\trig.mod (2 KB)
Extracting: I:\boot\grub\x86_64-efi\true.mod (1.9 KB)
Extracting: I:\boot\grub\x86_64-efi\udf.mod (12 KB)
Extracting: I:\boot\grub\x86_64-efi\ufs1.mod (7.7 KB)
Extracting: I:\boot\grub\x86_64-efi\ufs1_be.mod (7.8 KB)
Extracting: I:\boot\grub\x86_64-efi\ufs2.mod (7.7 KB)
Extracting: I:\boot\grub\x86_64-efi\uhci.mod (10 KB)
Extracting: I:\boot\grub\x86_64-efi\usb.mod (15.5 KB)
Extracting: I:\boot\grub\x86_64-efi\usbms.mod (10.8 KB)
Extracting: I:\boot\grub\x86_64-efi\usbserial_common.mod (2.8 KB)
Extracting: I:\boot\grub\x86_64-efi\usbserial_ftdi.mod (3.4 KB)
Extracting: I:\boot\grub\x86_64-efi\usbserial_pl2303.mod (3.8 KB)
Extracting: I:\boot\grub\x86_64-efi\usbserial_usbdebug.mod (2.3 KB)
Extracting: I:\boot\grub\x86_64-efi\usbtest.mod (5.5 KB)
Extracting: I:\boot\grub\x86_64-efi\usb_keyboard.mod (5.7 KB)
Extracting: I:\boot\grub\x86_64-efi\video.lst (41 bytes)
Extracting: I:\boot\grub\x86_64-efi\video.mod (8.8 KB)
Extracting: I:\boot\grub\x86_64-efi\videoinfo.mod (5.2 KB)
Extracting: I:\boot\grub\x86_64-efi\videotest.mod (5.5 KB)
Extracting: I:\boot\grub\x86_64-efi\videotest_checksum.mod (3.7 KB)
Extracting: I:\boot\grub\x86_64-efi\video_bochs.mod (8.3 KB)
Extracting: I:\boot\grub\x86_64-efi\video_cirrus.mod (8.9 KB)
Extracting: I:\boot\grub\x86_64-efi\video_colors.mod (9.9 KB)
Extracting: I:\boot\grub\x86_64-efi\video_fb.mod (27.9 KB)
Extracting: I:\boot\grub\x86_64-efi\wrmsr.mod (2.4 KB)
Extracting: I:\boot\grub\x86_64-efi\xfs.mod (10.5 KB)
Extracting: I:\boot\grub\x86_64-efi\xnu.mod (41.6 KB)
Extracting: I:\boot\grub\x86_64-efi\xnu_uuid.mod (3.2 KB)
Extracting: I:\boot\grub\x86_64-efi\xnu_uuid_test.mod (3.2 KB)
Extracting: I:\boot\grub\x86_64-efi\xzio.mod (19.4 KB)
Extracting: I:\boot\grub\x86_64-efi\zfs.mod (56.6 KB)
Extracting: I:\boot\grub\x86_64-efi\zfscrypt.mod (8.3 KB)
Extracting: I:\boot\grub\x86_64-efi\zfsinfo.mod (10.5 KB)
Extracting: I:\boot\grub\x86_64-efi\zstd.mod (78.3 KB)
Extracting: I:\boot\memtest86+.bin (178.5 KB)
Extracting: I:\boot.catalog (2 KB)
Extracting: I:\casper\filesystem.manifest (59.7 KB)
Extracting: I:\casper\filesystem.manifest-minimal-remove (2.8 KB)
Extracting: I:\casper\filesystem.manifest-remove (3.5 KB)
Extracting: I:\casper\filesystem.size (11 bytes)
Extracting: I:\casper\filesystem.squashfs (2.7 GB)
Extracting: I:\casper\filesystem.squashfs.gpg (833 bytes)
Extracting: I:\casper\initrd (136.2 MB)
Extracting: I:\casper\vmlinuz (13.6 MB)
Extracting: I:\dists\jammy\main\binary-amd64\Packages.gz (32.4 KB)
Extracting: I:\dists\jammy\main\binary-i386\Packages.gz (36.1 KB)
Extracting: I:\dists\jammy\Release (1 KB)
Extracting: I:\dists\jammy\Release.gpg (833 bytes)
Extracting: I:\dists\jammy\restricted\binary-amd64\Packages.gz (37.3 KB)
Extracting: I:\dists\jammy\restricted\binary-i386\Packages.gz (5.7 KB)
Extracting: I:\dists\stable (5 bytes)
  Ignoring Rock Ridge symbolic link to 'jammy'
Extracting: I:\dists\unstable (5 bytes)
  Ignoring Rock Ridge symbolic link to 'jammy'
Extracting: I:\EFI\boot\bootx64.efi (938.0 KB)
Extracting: I:\EFI\boot\grubx64.efi (2.2 MB)
Extracting: I:\EFI\boot\mmx64.efi (840.6 KB)
Extracting: I:\md5sum.txt (38.0 KB)
Extracting: I:\pool\main\b\b43-fwcutter\b43-fwcutter_1%3a019-7build2_amd64.deb (27.2 KB)
Extracting: I:\pool\main\b\binutils\binutils_2.38-4ubuntu2.5_amd64.deb (3.1 KB)
Extracting: I:\pool\main\b\binutils\binutils-common_2.38-4ubuntu2.5_amd64.deb (217 KB)
Extracting: I:\pool\main\b\binutils\binutils-x86-64-linux-gnu_2.38-4ubuntu2.5_amd64.deb (2.2 MB)
Extracting: I:\pool\main\b\binutils\libbinutils_2.38-4ubuntu2.5_amd64.deb (646.5 KB)
Extracting: I:\pool\main\b\binutils\libctf0_2.38-4ubuntu2.5_amd64.deb (100.5 KB)
Extracting: I:\pool\main\b\binutils\libctf-nobfd0_2.38-4ubuntu2.5_amd64.deb (105.3 KB)
Extracting: I:\pool\main\b\build-essential\build-essential_12.9ubuntu3_amd64.deb (4.6 KB)
Extracting: I:\pool\main\d\dbus\libdbus-1-3_1.12.20-2ubuntu4.1_i386.deb (201.4 KB)
Extracting: I:\pool\main\d\dkms\dkms_2.8.7-2ubuntu2.2_all.deb (68.5 KB)
Extracting: I:\pool\main\d\dpkg\dpkg-dev_1.21.1ubuntu2.2_all.deb (900.5 KB)
Extracting: I:\pool\main\e\e2fsprogs\libcom-err2_1.46.5-2ubuntu1.1_i386.deb (9.4 KB)
Extracting: I:\pool\main\e\egl-wayland\libnvidia-egl-wayland1_1%3a1.1.9-1.1_amd64.deb (25.4 KB)
Extracting: I:\pool\main\e\elfutils\libelf1_0.186-1build1_i386.deb (53.8 KB)
Extracting: I:\pool\main\e\expat\libexpat1_2.4.7-1ubuntu0.2_i386.deb (90.3 KB)
Extracting: I:\pool\main\f\fakeroot\fakeroot_1.28-1ubuntu1_amd64.deb (58.9 KB)
Extracting: I:\pool\main\f\fakeroot\libfakeroot_1.28-1ubuntu1_amd64.deb (30.8 KB)
Extracting: I:\pool\main\g\gamemode\libgamemode0_1.6.1-1build2_i386.deb (8.3 KB)
Extracting: I:\pool\main\g\gamemode\libgamemodeauto0_1.6.1-1build2_i386.deb (6.9 KB)
Extracting: I:\pool\main\g\gcc-11\gcc-11_11.4.0-1ubuntu1~22.04_amd64.deb (19.2 MB)
Extracting: I:\pool\main\g\gcc-11\g++-11_11.4.0-1ubuntu1~22.04_amd64.deb (10.9 MB)
Extracting: I:\pool\main\g\gcc-11\libasan6_11.4.0-1ubuntu1~22.04_amd64.deb (2.2 MB)
Extracting: I:\pool\main\g\gcc-11\libgcc-11-dev_11.4.0-1ubuntu1~22.04_amd64.deb (2.4 MB)
Extracting: I:\pool\main\g\gcc-11\libstdc++-11-dev_11.4.0-1ubuntu1~22.04_amd64.deb (2 MB)
Extracting: I:\pool\main\g\gcc-11\libtsan0_11.4.0-1ubuntu1~22.04_amd64.deb (2.2 MB)
Extracting: I:\pool\main\g\gcc-12\cpp-12_12.3.0-1ubuntu1~22.04_amd64.deb (10.3 MB)
Extracting: I:\pool\main\g\gcc-12\gcc-12_12.3.0-1ubuntu1~22.04_amd64.deb (20.7 MB)
Extracting: I:\pool\main\g\gcc-12\gcc-12-base_12.3.0-1ubuntu1~22.04_i386.deb (19.6 KB)
Extracting: I:\pool\main\g\gcc-12\libasan8_12.3.0-1ubuntu1~22.04_amd64.deb (2.3 MB)
Extracting: I:\pool\main\g\gcc-12\libatomic1_12.3.0-1ubuntu1~22.04_i386.deb (8.3 KB)
Extracting: I:\pool\main\g\gcc-12\libcc1-0_12.3.0-1ubuntu1~22.04_amd64.deb (47.1 KB)
Extracting: I:\pool\main\g\gcc-12\libgcc-12-dev_12.3.0-1ubuntu1~22.04_amd64.deb (2.5 MB)
Extracting: I:\pool\main\g\gcc-12\libgcc-s1_12.3.0-1ubuntu1~22.04_i386.deb (62.5 KB)
Extracting: I:\pool\main\g\gcc-12\libitm1_12.3.0-1ubuntu1~22.04_amd64.deb (29.5 KB)
Extracting: I:\pool\main\g\gcc-12\liblsan0_12.3.0-1ubuntu1~22.04_amd64.deb (1 MB)
Extracting: I:\pool\main\g\gcc-12\libquadmath0_12.3.0-1ubuntu1~22.04_amd64.deb (150.4 KB)
Extracting: I:\pool\main\g\gcc-12\libstdc++6_12.3.0-1ubuntu1~22.04_i386.deb (742.1 KB)
Extracting: I:\pool\main\g\gcc-12\libtsan2_12.3.0-1ubuntu1~22.04_amd64.deb (2.4 MB)
Extracting: I:\pool\main\g\gcc-12\libubsan1_12.3.0-1ubuntu1~22.04_amd64.deb (953 KB)
Extracting: I:\pool\main\g\gcc-defaults\gcc_4%3a11.2.0-1ubuntu1_amd64.deb (5.0 KB)
Extracting: I:\pool\main\g\gcc-defaults\g++_4%3a11.2.0-1ubuntu1_amd64.deb (1.4 KB)
Extracting: I:\pool\main\g\glibc\libc6_2.35-0ubuntu3.6_i386.deb (2.9 MB)
Extracting: I:\pool\main\g\glibc\libc6-dev_2.35-0ubuntu3.6_amd64.deb (2 MB)
Extracting: I:\pool\main\g\glibc\libc-devtools_2.35-0ubuntu3.6_amd64.deb (28.3 KB)
Extracting: I:\pool\main\g\glibc\libc-dev-bin_2.35-0ubuntu3.6_amd64.deb (19.8 KB)
Extracting: I:\pool\main\i\icu\libicu70_70.1-2_i386.deb (10.3 MB)
Extracting: I:\pool\main\k\keyutils\libkeyutils1_1.6.1-2ubuntu3_i386.deb (10.4 KB)
Extracting: I:\pool\main\k\krb5\libgssapi-krb5-2_1.19.2-2ubuntu0.3_i386.deb (150.1 KB)
Extracting: I:\pool\main\k\krb5\libk5crypto3_1.19.2-2ubuntu0.3_i386.deb (88.9 KB)
Extracting: I:\pool\main\k\krb5\libkrb5support0_1.19.2-2ubuntu0.3_i386.deb (36.1 KB)
Extracting: I:\pool\main\k\krb5\libkrb5-3_1.19.2-2ubuntu0.3_i386.deb (394.0 KB)
Extracting: I:\pool\main\l\linux\linux-libc-dev_5.15.0-94.104_amd64.deb (1.3 MB)
Extracting: I:\pool\main\l\linux-hwe-6.5\linux-modules-ipu6-6.5.0-18-generic_6.5.0-18.18~22.04.1_amd64.deb (231.8 KB)
Extracting: I:\pool\main\l\linux-hwe-6.5\linux-modules-ivsc-6.5.0-18-generic_6.5.0-18.18~22.04.1_amd64.deb (101.6 KB)
Extracting: I:\pool\main\l\linux-hwe-6.5\linux-modules-iwlwifi-6.5.0-18-generic_6.5.0-18.18~22.04.1_amd64.deb (1.5 MB)
Extracting: I:\pool\main\l\linux-meta-hwe-6.5\linux-modules-ipu6-generic-hwe-22.04_6.5.0.18.18~22.04.10_amd64.deb (2.5 KB)
Extracting: I:\pool\main\l\linux-meta-hwe-6.5\linux-modules-ivsc-generic-hwe-22.04_6.5.0.18.18~22.04.10_amd64.deb (2.5 KB)
Extracting: I:\pool\main\l\linux-meta-hwe-6.5\linux-modules-iwlwifi-generic-hwe-22.04_6.5.0.18.18~22.04.10_amd64.deb (2.5 KB)
Extracting: I:\pool\main\l\linux-meta-oem-6.1\linux-headers-oem-22.04_6.1.0.1033.34_amd64.deb (2.3 KB)
Extracting: I:\pool\main\l\linux-meta-oem-6.1\linux-image-oem-22.04_6.1.0.1033.34_amd64.deb (2.4 KB)
Extracting: I:\pool\main\l\linux-meta-oem-6.1\linux-modules-ipu6-oem-22.04_6.1.0.1033.34_amd64.deb (2.4 KB)
Extracting: I:\pool\main\l\linux-meta-oem-6.1\linux-modules-ivsc-oem-22.04_6.1.0.1033.34_amd64.deb (2.4 KB)
Extracting: I:\pool\main\l\linux-meta-oem-6.1\linux-modules-iwlwifi-oem-22.04_6.1.0.1033.34_amd64.deb (2.4 KB)
Extracting: I:\pool\main\l\linux-meta-oem-6.1\linux-oem-22.04_6.1.0.1033.34_amd64.deb (1.7 KB)
Extracting: I:\pool\main\l\linux-oem-6.1\linux-headers-6.1.0-1033-oem_6.1.0-1033.33_amd64.deb (3.2 MB)
Extracting: I:\pool\main\l\linux-oem-6.1\linux-modules-6.1.0-1033-oem_6.1.0-1033.33_amd64.deb (86.4 MB)
Extracting: I:\pool\main\l\linux-oem-6.1\linux-modules-ipu6-6.1.0-1033-oem_6.1.0-1033.33_amd64.deb (268.7 KB)
Extracting: I:\pool\main\l\linux-oem-6.1\linux-modules-ivsc-6.1.0-1033-oem_6.1.0-1033.33_amd64.deb (149.0 KB)
Extracting: I:\pool\main\l\linux-oem-6.1\linux-modules-iwlwifi-6.1.0-1033-oem_6.1.0-1033.33_amd64.deb (1.3 MB)
Extracting: I:\pool\main\l\linux-oem-6.1\linux-oem-6.1-headers-6.1.0-1033_6.1.0-1033.33_all.deb (12.3 MB)
Extracting: I:\pool\main\l\linux-signed-oem-6.1\linux-image-6.1.0-1033-oem_6.1.0-1033.33_amd64.deb (11.8 MB)
Extracting: I:\pool\main\l\llvm-toolchain-15\libllvm15_1%3a15.0.7-0ubuntu0.22.04.3_i386.deb (27.6 MB)
Extracting: I:\pool\main\l\lm-sensors\libsensors5_1%3a3.6.0-7ubuntu1_i386.deb (27.7 KB)
Extracting: I:\pool\main\l\lto-disabled-list\lto-disabled-list_24_all.deb (12.2 KB)
Extracting: I:\pool\main\l\lz4\liblz4-1_1.9.3-2build2_i386.deb (61.3 KB)
Extracting: I:\pool\main\liba\libalgorithm-diff-perl\libalgorithm-diff-perl_1.201-1_all.deb (40.8 KB)
Extracting: I:\pool\main\liba\libalgorithm-diff-xs-perl\libalgorithm-diff-xs-perl_0.04-6build3_amd64.deb (11.6 KB)
Extracting: I:\pool\main\liba\libalgorithm-merge-perl\libalgorithm-merge-perl_0.08-3_all.deb (11.7 KB)
Extracting: I:\pool\main\libb\libbsd\libbsd0_0.11.5-1_i386.deb (47.2 KB)
Extracting: I:\pool\main\libc\libcap2\libcap2_1%3a2.44-1ubuntu0.22.04.1_i386.deb (18.8 KB)
Extracting: I:\pool\main\libd\libdrm\libdrm2_2.4.113-2~ubuntu0.22.04.1_i386.deb (41.1 KB)
Extracting: I:\pool\main\libd\libdrm\libdrm-amdgpu1_2.4.113-2~ubuntu0.22.04.1_i386.deb (23.2 KB)
Extracting: I:\pool\main\libd\libdrm\libdrm-intel1_2.4.113-2~ubuntu0.22.04.1_i386.deb (69.2 KB)
Extracting: I:\pool\main\libd\libdrm\libdrm-nouveau2_2.4.113-2~ubuntu0.22.04.1_i386.deb (19.3 KB)
Extracting: I:\pool\main\libd\libdrm\libdrm-radeon1_2.4.113-2~ubuntu0.22.04.1_i386.deb (22.3 KB)
Extracting: I:\pool\main\libe\libedit\libedit2_3.1-20210910-1build1_i386.deb (97.3 KB)
Extracting: I:\pool\main\libf\libffi\libffi8_3.4.2-4_i386.deb (20.2 KB)
Extracting: I:\pool\main\libg\libgcrypt20\libgcrypt20_1.9.4-3ubuntu3_i386.deb (481.2 KB)
Extracting: I:\pool\main\libg\libglvnd\libgl1_1.4.0-1_i386.deb (101.7 KB)
Extracting: I:\pool\main\libg\libglvnd\libglvnd0_1.4.0-1_i386.deb (70.1 KB)
Extracting: I:\pool\main\libg\libglvnd\libglx0_1.4.0-1_i386.deb (45 KB)
Extracting: I:\pool\main\libg\libgpg-error\libgpg-error0_1.43-3_i386.deb (76.2 KB)
Extracting: I:\pool\main\libi\libidn2\libidn2-0_2.3.2-2build1_i386.deb (69.4 KB)
Extracting: I:\pool\main\libm\libmd\libmd0_1.0.4-1build1_i386.deb (23.3 KB)
Extracting: I:\pool\main\libn\libnsl\libnsl2_1.3.0-2build2_i386.deb (45.2 KB)
Extracting: I:\pool\main\libn\libnsl\libnsl-dev_1.3.0-2build2_amd64.deb (69.6 KB)
Extracting: I:\pool\main\libn\libnss-nis\libnss-nis_3.1-0ubuntu6_i386.deb (27.5 KB)
Extracting: I:\pool\main\libn\libnss-nisplus\libnss-nisplus_1.3-0ubuntu6_i386.deb (23.1 KB)
Extracting: I:\pool\main\libp\libpciaccess\libpciaccess0_0.16-3_i386.deb (21.2 KB)
Extracting: I:\pool\main\libt\libtirpc\libtirpc3_1.3.2-2ubuntu0.1_i386.deb (90.6 KB)
Extracting: I:\pool\main\libt\libtirpc\libtirpc-dev_1.3.2-2ubuntu0.1_amd64.deb (187.7 KB)
Extracting: I:\pool\main\libu\libunistring\libunistring2_1.0-1_i386.deb (541 KB)
Extracting: I:\pool\main\libv\libvdpau\libvdpau1_1.4-3build2_amd64.deb (26.4 KB)
Extracting: I:\pool\main\libv\libvdpau\vdpau-driver-all_1.4-3build2_amd64.deb (4.4 KB)
Extracting: I:\pool\main\libx\libx11\libx11-6_2%3a1.7.5-1ubuntu0.3_i386.deb (677.4 KB)
Extracting: I:\pool\main\libx\libx11\libx11-xcb1_2%3a1.7.5-1ubuntu0.3_i386.deb (7.6 KB)
Extracting: I:\pool\main\libx\libxau\libxau6_1%3a1.0.9-1build5_i386.deb (7.7 KB)
Extracting: I:\pool\main\libx\libxcb\libxcb1_1.14-3ubuntu3_i386.deb (54.1 KB)
Extracting: I:\pool\main\libx\libxcb\libxcb-dri2-0_1.14-3ubuntu3_i386.deb (7.5 KB)
Extracting: I:\pool\main\libx\libxcb\libxcb-dri3-0_1.14-3ubuntu3_i386.deb (7.2 KB)
Extracting: I:\pool\main\libx\libxcb\libxcb-glx0_1.14-3ubuntu3_i386.deb (27.0 KB)
Extracting: I:\pool\main\libx\libxcb\libxcb-present0_1.14-3ubuntu3_i386.deb (5.8 KB)
Extracting: I:\pool\main\libx\libxcb\libxcb-randr0_1.14-3ubuntu3_i386.deb (19.5 KB)
Extracting: I:\pool\main\libx\libxcb\libxcb-shm0_1.14-3ubuntu3_i386.deb (5.8 KB)
Extracting: I:\pool\main\libx\libxcb\libxcb-sync1_1.14-3ubuntu3_i386.deb (9.6 KB)
Extracting: I:\pool\main\libx\libxcb\libxcb-xfixes0_1.14-3ubuntu3_i386.deb (10.3 KB)
Extracting: I:\pool\main\libx\libxcrypt\libcrypt1_1%3a4.4.27-1_i386.deb (94.9 KB)
Extracting: I:\pool\main\libx\libxcrypt\libcrypt-dev_1%3a4.4.27-1_amd64.deb (109.1 KB)
Extracting: I:\pool\main\libx\libxdmcp\libxdmcp6_1%3a1.1.3-0ubuntu5_i386.deb (11.1 KB)
Extracting: I:\pool\main\libx\libxext\libxext6_2%3a1.3.4-1build1_i386.deb (34 KB)
Extracting: I:\pool\main\libx\libxfixes\libxfixes3_1%3a6.0.0-1_i386.deb (12.1 KB)
Extracting: I:\pool\main\libx\libxml2\libxml2_2.9.13+dfsg-1ubuntu0.3_i386.deb (709.1 KB)
Extracting: I:\pool\main\libx\libxshmfence\libxshmfence1_1.3-1build4_i386.deb (5.5 KB)
Extracting: I:\pool\main\libx\libxxf86vm\libxxf86vm1_1%3a1.1.4-1build3_i386.deb (11 KB)
Extracting: I:\pool\main\libz\libzstd\libzstd1_1.4.8+dfsg-3build1_i386.deb (309.3 KB)
Extracting: I:\pool\main\m\make-dfsg\make_4.3-4.1build1_amd64.deb (175.5 KB)
Extracting: I:\pool\main\m\manpages\manpages-dev_5.10-1ubuntu1_all.deb (2.2 MB)
Extracting: I:\pool\main\m\mesa\libgl1-mesa-dri_23.2.1-1ubuntu3.1~22.04.2_i386.deb (8.7 MB)
Extracting: I:\pool\main\m\mesa\libglapi-mesa_23.2.1-1ubuntu3.1~22.04.2_i386.deb (34.4 KB)
Extracting: I:\pool\main\m\mesa\libglx-mesa0_23.2.1-1ubuntu3.1~22.04.2_i386.deb (165 KB)
Extracting: I:\pool\main\m\mesa\mesa-vdpau-drivers_23.2.1-1ubuntu3.1~22.04.2_amd64.deb (3.6 MB)
Extracting: I:\pool\main\n\ncurses\libtinfo6_6.3-2ubuntu0.1_i386.deb (102.1 KB)
Extracting: I:\pool\main\n\nvidia-prime\nvidia-prime_0.8.17.1_all.deb (9.7 KB)
Extracting: I:\pool\main\n\nvidia-settings\libxnvctrl0_510.47.03-0ubuntu1_amd64.deb (11.2 KB)
Extracting: I:\pool\main\n\nvidia-settings\nvidia-settings_510.47.03-0ubuntu1_amd64.deb (937.6 KB)
Extracting: I:\pool\main\o\oem-qemu-meta\oem-qemu-meta_20.04~ubuntu5_all.deb (2.3 KB)
Extracting: I:\pool\main\o\oem-somerville-tentacool-meta\oem-somerville-tentacool-meta_22.04~ubuntu1_all.deb (1.9 KB)
Extracting: I:\pool\main\o\oem-somerville-tentacool-rpl-meta\oem-somerville-tentacool-rpl-meta_22.04~ubuntu1_all.deb (1.9 KB)
Extracting: I:\pool\main\o\oem-stella-aron-meta\oem-stella-aron-meta_22.04~ubuntu1_all.deb (1.9 KB)
Extracting: I:\pool\main\o\oem-stella-asobo-meta\oem-stella-asobo-meta_22.04~ubuntu1_all.deb (1.9 KB)
Extracting: I:\pool\main\o\oem-stella-bergmite-meta\oem-stella-bergmite-meta_22.04~ubuntu1_all.deb (1.9 KB)
Extracting: I:\pool\main\o\oem-stella-cascoon-rpl-meta\oem-stella-cascoon-rpl-meta_22.04~ubuntu1_all.deb (1.9 KB)
Extracting: I:\pool\main\o\oem-stella-chiko-meta\oem-stella-chiko-meta_22.04~ubuntu1_all.deb (1.9 KB)
Extracting: I:\pool\main\o\oem-stella-graveler-meta\oem-stella-graveler-meta_22.04~ubuntu1_all.deb (1.9 KB)
Extracting: I:\pool\main\o\oem-stella-kuku-meta\oem-stella-kuku-meta_22.04~ubuntu1_all.deb (1.9 KB)
Extracting: I:\pool\main\o\oem-stella-purrloin-rpl-meta\oem-stella-purrloin-rpl-meta_22.04~ubuntu1_all.deb (1.9 KB)
Extracting: I:\pool\main\o\oem-stella-romi-meta\oem-stella-romi-meta_22.04~ubuntu1_all.deb (1.9 KB)
Extracting: I:\pool\main\o\oem-stella-sensei-meta\oem-stella-sensei-meta_22.04~ubuntu1_all.deb (1.9 KB)
Extracting: I:\pool\main\o\oem-stella-yoshio-meta\oem-stella-yoshio-meta_22.04~ubuntu1_all.deb (1.9 KB)
Extracting: I:\pool\main\o\oem-sutton-abishag-meta\oem-sutton-abishag-meta_22.04~ubuntu1_all.deb (1.9 KB)
Extracting: I:\pool\main\o\oem-sutton-achaicus-meta\oem-sutton-achaicus-meta_22.04~ubuntu1_all.deb (1.9 KB)
Extracting: I:\pool\main\o\oem-sutton-acheron-meta\oem-sutton-acheron-meta_22.04~ubuntu1_all.deb (1.9 KB)
Extracting: I:\pool\main\o\oem-sutton-adair-meta\oem-sutton-adair-meta_22.04~ubuntu1_all.deb (1.9 KB)
Extracting: I:\pool\main\o\oem-sutton-adamina-meta\oem-sutton-adamina-meta_22.04~ubuntu1_all.deb (1.9 KB)
Extracting: I:\pool\main\o\oem-sutton-addie-meta\oem-sutton-addie-meta_22.04~ubuntu1_all.deb (1.9 KB)
Extracting: I:\pool\main\o\oem-sutton-addo-meta\oem-sutton-addo-meta_22.04~ubuntu1_all.deb (1.9 KB)
Extracting: I:\pool\main\o\oem-sutton-adelaide-meta\oem-sutton-adelaide-meta_22.04~ubuntu1_all.deb (1.9 KB)
Extracting: I:\pool\main\o\oem-sutton-adelia-meta\oem-sutton-adelia-meta_22.04~ubuntu1_all.deb (1.9 KB)
Extracting: I:\pool\main\o\oem-sutton-africa-meta\oem-sutton-africa-meta_22.04~ubuntu1_all.deb (1.9 KB)
Extracting: I:\pool\main\o\oem-sutton-aitland-meta\oem-sutton-aitland-meta_22.04~ubuntu1_all.deb (1.9 KB)
Extracting: I:\pool\main\o\oem-sutton-akando-meta\oem-sutton-akando-meta_22.04~ubuntu1_all.deb (1.9 KB)
Extracting: I:\pool\main\o\oem-sutton-balesego-meta\oem-sutton-balesego-meta_22.04~ubuntu1_all.deb (1.9 KB)
Extracting: I:\pool\main\o\oem-sutton-balint-meta\oem-sutton-balint-meta_22.04~ubuntu1_all.deb (1.9 KB)
Extracting: I:\pool\main\o\oem-sutton-balin-meta\oem-sutton-balin-meta_22.04~ubuntu1_all.deb (1.9 KB)
Extracting: I:\pool\main\o\oem-sutton-balwina-meta\oem-sutton-balwina-meta_22.04~ubuntu1_all.deb (1.9 KB)
Extracting: I:\pool\main\o\oem-sutton-bambina-meta\oem-sutton-bambina-meta_22.04~ubuntu1_all.deb (1.9 KB)
Extracting: I:\pool\main\o\oem-sutton-banagher-meta\oem-sutton-banagher-meta_22.04~ubuntu1_all.deb (1.9 KB)
Extracting: I:\pool\main\o\oem-sutton-barossa-meta\oem-sutton-barossa-meta_22.04~ubuntu1_all.deb (1.9 KB)
Extracting: I:\pool\main\o\oem-sutton-barrett-meta\oem-sutton-barrett-meta_22.04~ubuntu1_all.deb (1.9 KB)
Extracting: I:\pool\main\o\oem-sutton-barrington-meta\oem-sutton-barrington-meta_22.04~ubuntu1_all.deb (1.9 KB)
Extracting: I:\pool\main\o\oem-sutton-barry-meta\oem-sutton-barry-meta_22.04~ubuntu1_all.deb (1.9 KB)
Extracting: I:\pool\main\o\oem-sutton-bartek-meta\oem-sutton-bartek-meta_22.04~ubuntu1_all.deb (1.9 KB)
Extracting: I:\pool\main\o\oem-sutton-barth-meta\oem-sutton-barth-meta_22.04~ubuntu1_all.deb (1.9 KB)
Extracting: I:\pool\main\o\oem-sutton-caia-meta\oem-sutton-caia-meta_22.04~ubuntu1_all.deb (1.9 KB)
Extracting: I:\pool\main\o\oem-sutton-cailean-meta\oem-sutton-cailean-meta_22.04~ubuntu1_all.deb (1.9 KB)
Extracting: I:\pool\main\o\oem-sutton-cailyn-meta\oem-sutton-cailyn-meta_22.04~ubuntu1_all.deb (1.9 KB)
Extracting: I:\pool\main\o\oem-sutton-caimbrie-meta\oem-sutton-caimbrie-meta_22.04~ubuntu1_all.deb (1.9 KB)
Extracting: I:\pool\main\o\oem-sutton-cais-meta\oem-sutton-cais-meta_22.04~ubuntu1_all.deb (1.9 KB)
Extracting: I:\pool\main\o\oem-sutton-caitir-meta\oem-sutton-caitir-meta_22.04~ubuntu1_all.deb (1.9 KB)
Extracting: I:\pool\main\o\oem-sutton-calaminag-meta\oem-sutton-calaminag-meta_22.04~ubuntu1_all.deb (1.9 KB)
Extracting: I:\pool\main\o\oem-sutton-cappy-meta\oem-sutton-cappy-meta_22.04~ubuntu1_all.deb (1.9 KB)
Extracting: I:\pool\main\o\oem-sutton-caprice-meta\oem-sutton-caprice-meta_22.04~ubuntu1_all.deb (1.9 KB)
Extracting: I:\pool\main\o\oem-sutton-capricorn-meta\oem-sutton-capricorn-meta_22.04~ubuntu1_all.deb (1.9 KB)
Extracting: I:\pool\main\o\oem-sutton-capri-meta\oem-sutton-capri-meta_22.04~ubuntu1_all.deb (1.9 KB)
Extracting: I:\pool\main\o\oem-sutton-caressa-meta\oem-sutton-caressa-meta_22.04~ubuntu1_all.deb (1.9 KB)
Extracting: I:\pool\main\o\openssl\libssl3_3.0.2-0ubuntu1.14_i386.deb (1.9 MB)
Extracting: I:\pool\main\p\pkg-config\pkg-config_0.29.2-1ubuntu3_amd64.deb (47.1 KB)
Extracting: I:\pool\main\r\rpcsvc-proto\rpcsvc-proto_1.4.2-0ubuntu6_amd64.deb (66.9 KB)
Extracting: I:\pool\main\s\screen-resolution-extra\screen-resolution-extra_0.18.2_all.deb (4.3 KB)
Extracting: I:\pool\main\s\setserial\setserial_2.17-53build2_amd64.deb (35.6 KB)
Extracting: I:\pool\main\s\systemd\libsystemd0_249.11-0ubuntu3.12_i386.deb (333.4 KB)
Extracting: I:\pool\main\u\ubiquity\oem-config_22.04.20_all.deb (13.6 KB)
Extracting: I:\pool\main\u\ubiquity\oem-config-gtk_22.04.20_all.deb (4.2 KB)
Extracting: I:\pool\main\u\ubiquity-slideshow-ubuntu\oem-config-slideshow-ubuntu_181.1_all.deb (1 MB)
Extracting: I:\pool\main\u\ubuntu-keyring\ubuntu-oem-keyring_2021.03.26_all.deb (4.7 KB)
Extracting: I:\pool\main\x\xz-utils\liblzma5_5.2.5-2ubuntu1_i386.deb (102.4 KB)
Extracting: I:\pool\main\z\zlib\zlib1g_1%3a1.2.11.dfsg-2ubuntu9.2_i386.deb (59.3 KB)
Extracting: I:\pool\restricted\b\bcmwl\bcmwl-kernel-source_6.30.223.271+bdcom-0ubuntu10~22.04.1_amd64.deb (1.7 MB)
Extracting: I:\pool\restricted\l\linux-restricted-modules-hwe-6.5\linux-modules-nvidia-535-6.5.0-18-generic_6.5.0-18.18~22.04.1_amd64.deb (6.9 KB)
Extracting: I:\pool\restricted\l\linux-restricted-modules-hwe-6.5\linux-modules-nvidia-535-generic-hwe-22.04_6.5.0-18.18~22.04.1_amd64.deb (5.3 KB)
Extracting: I:\pool\restricted\l\linux-restricted-modules-hwe-6.5\linux-objects-nvidia-535-6.5.0-18-generic_6.5.0-18.18~22.04.1_amd64.deb (55 MB)
Extracting: I:\pool\restricted\l\linux-restricted-modules-oem-6.1\linux-modules-nvidia-535-6.1.0-1033-oem_6.1.0-1033.33_amd64.deb (6.9 KB)
Extracting: I:\pool\restricted\l\linux-restricted-modules-oem-6.1\linux-modules-nvidia-535-oem-22.04_6.1.0-1033.33_amd64.deb (5.2 KB)
Extracting: I:\pool\restricted\l\linux-restricted-modules-oem-6.1\linux-objects-nvidia-535-6.1.0-1033-oem_6.1.0-1033.33_amd64.deb (54.8 MB)
Extracting: I:\pool\restricted\l\linux-restricted-signatures-hwe-6.5\linux-signatures-nvidia-6.5.0-18-generic_6.5.0-18.18~22.04.1_amd64.deb (25.4 KB)
Extracting: I:\pool\restricted\l\linux-restricted-signatures-oem-6.1\linux-signatures-nvidia-6.1.0-1033-oem_6.1.0-1033.33_amd64.deb (17.2 KB)
Extracting: I:\pool\restricted\n\nvidia-graphics-drivers-390\libnvidia-cfg1-390_390.157-0ubuntu0.22.04.2_amd64.deb (74.3 KB)
Extracting: I:\pool\restricted\n\nvidia-graphics-drivers-390\libnvidia-common-390_390.157-0ubuntu0.22.04.2_all.deb (9.1 KB)
Extracting: I:\pool\restricted\n\nvidia-graphics-drivers-390\libnvidia-compute-390_390.157-0ubuntu0.22.04.2_amd64.deb (20.3 MB)
Extracting: I:\pool\restricted\n\nvidia-graphics-drivers-390\libnvidia-compute-390_390.157-0ubuntu0.22.04.2_i386.deb (20.8 MB)
Extracting: I:\pool\restricted\n\nvidia-graphics-drivers-390\libnvidia-decode-390_390.157-0ubuntu0.22.04.2_amd64.deb (1.2 MB)
Extracting: I:\pool\restricted\n\nvidia-graphics-drivers-390\libnvidia-decode-390_390.157-0ubuntu0.22.04.2_i386.deb (1.2 MB)
Extracting: I:\pool\restricted\n\nvidia-graphics-drivers-390\libnvidia-encode-390_390.157-0ubuntu0.22.04.2_amd64.deb (55.9 KB)
Extracting: I:\pool\restricted\n\nvidia-graphics-drivers-390\libnvidia-encode-390_390.157-0ubuntu0.22.04.2_i386.deb (57.1 KB)
Extracting: I:\pool\restricted\n\nvidia-graphics-drivers-390\libnvidia-fbc1-390_390.157-0ubuntu0.22.04.2_amd64.deb (42.5 KB)
Extracting: I:\pool\restricted\n\nvidia-graphics-drivers-390\libnvidia-fbc1-390_390.157-0ubuntu0.22.04.2_i386.deb (39.1 KB)
Extracting: I:\pool\restricted\n\nvidia-graphics-drivers-390\libnvidia-gl-390_390.157-0ubuntu0.22.04.2_amd64.deb (15.4 MB)
Extracting: I:\pool\restricted\n\nvidia-graphics-drivers-390\libnvidia-gl-390_390.157-0ubuntu0.22.04.2_i386.deb (16.2 MB)
Extracting: I:\pool\restricted\n\nvidia-graphics-drivers-390\libnvidia-ifr1-390_390.157-0ubuntu0.22.04.2_amd64.deb (74 KB)
Extracting: I:\pool\restricted\n\nvidia-graphics-drivers-390\libnvidia-ifr1-390_390.157-0ubuntu0.22.04.2_i386.deb (65.3 KB)
Extracting: I:\pool\restricted\n\nvidia-graphics-drivers-390\nvidia-compute-utils-390_390.157-0ubuntu0.22.04.2_amd64.deb (71.9 KB)
Extracting: I:\pool\restricted\n\nvidia-graphics-drivers-390\nvidia-dkms-390_390.157-0ubuntu0.22.04.2_amd64.deb (38.6 KB)
Extracting: I:\pool\restricted\n\nvidia-graphics-drivers-390\nvidia-driver-390_390.157-0ubuntu0.22.04.2_amd64.deb (388.3 KB)
Extracting: I:\pool\restricted\n\nvidia-graphics-drivers-390\nvidia-kernel-common-390_390.157-0ubuntu0.22.04.2_amd64.deb (9.3 KB)
Extracting: I:\pool\restricted\n\nvidia-graphics-drivers-390\nvidia-kernel-source-390_390.157-0ubuntu0.22.04.2_amd64.deb (9.6 MB)
Extracting: I:\pool\restricted\n\nvidia-graphics-drivers-390\nvidia-utils-390_390.157-0ubuntu0.22.04.2_amd64.deb (348.6 KB)
Extracting: I:\pool\restricted\n\nvidia-graphics-drivers-390\xserver-xorg-video-nvidia-390_390.157-0ubuntu0.22.04.2_amd64.deb (1.7 MB)
Extracting: I:\pool\restricted\n\nvidia-graphics-drivers-430\nvidia-driver-418_430.50-0ubuntu3_amd64.deb (6.8 KB)
Extracting: I:\pool\restricted\n\nvidia-graphics-drivers-440\nvidia-driver-430_440.100-0ubuntu1_amd64.deb (7.3 KB)
Extracting: I:\pool\restricted\n\nvidia-graphics-drivers-450\nvidia-driver-440_450.119.03-0ubuntu1_amd64.deb (6.4 KB)
Extracting: I:\pool\restricted\n\nvidia-graphics-drivers-455\nvidia-driver-435_455.45.01-0ubuntu1_amd64.deb (6.2 KB)
Extracting: I:\pool\restricted\n\nvidia-graphics-drivers-460\nvidia-driver-450_460.91.03-0ubuntu1_amd64.deb (7.3 KB)
Extracting: I:\pool\restricted\n\nvidia-graphics-drivers-460\nvidia-driver-455_460.91.03-0ubuntu1_amd64.deb (7.3 KB)
Extracting: I:\pool\restricted\n\nvidia-graphics-drivers-470\libnvidia-cfg1-470_470.223.02-0ubuntu0.22.04.1_amd64.deb (85.5 KB)
Extracting: I:\pool\restricted\n\nvidia-graphics-drivers-470\libnvidia-common-470_470.223.02-0ubuntu0.22.04.1_all.deb (9.9 KB)
Extracting: I:\pool\restricted\n\nvidia-graphics-drivers-470\libnvidia-compute-470_470.223.02-0ubuntu0.22.04.1_amd64.deb (33.1 MB)
Extracting: I:\pool\restricted\n\nvidia-graphics-drivers-470\libnvidia-compute-470_470.223.02-0ubuntu0.22.04.1_i386.deb (26.5 MB)
Extracting: I:\pool\restricted\n\nvidia-graphics-drivers-470\libnvidia-decode-470_470.223.02-0ubuntu0.22.04.1_amd64.deb (1.5 MB)
Extracting: I:\pool\restricted\n\nvidia-graphics-drivers-470\libnvidia-decode-470_470.223.02-0ubuntu0.22.04.1_i386.deb (1.5 MB)
Extracting: I:\pool\restricted\n\nvidia-graphics-drivers-470\libnvidia-encode-470_470.223.02-0ubuntu0.22.04.1_amd64.deb (44.3 KB)
Extracting: I:\pool\restricted\n\nvidia-graphics-drivers-470\libnvidia-encode-470_470.223.02-0ubuntu0.22.04.1_i386.deb (48.5 KB)
Extracting: I:\pool\restricted\n\nvidia-graphics-drivers-470\libnvidia-extra-470_470.223.02-0ubuntu0.22.04.1_amd64.deb (46.1 KB)
Extracting: I:\pool\restricted\n\nvidia-graphics-drivers-470\libnvidia-fbc1-470_470.223.02-0ubuntu0.22.04.1_amd64.deb (49.3 KB)
Extracting: I:\pool\restricted\n\nvidia-graphics-drivers-470\libnvidia-fbc1-470_470.223.02-0ubuntu0.22.04.1_i386.deb (53.3 KB)
Extracting: I:\pool\restricted\n\nvidia-graphics-drivers-470\libnvidia-gl-470_470.223.02-0ubuntu0.22.04.1_amd64.deb (144.8 MB)
Extracting: I:\pool\restricted\n\nvidia-graphics-drivers-470\libnvidia-gl-470_470.223.02-0ubuntu0.22.04.1_i386.deb (22.3 MB)
Extracting: I:\pool\restricted\n\nvidia-graphics-drivers-470\libnvidia-ifr1-470_470.223.02-0ubuntu0.22.04.1_amd64.deb (72.7 KB)
Extracting: I:\pool\restricted\n\nvidia-graphics-drivers-470\libnvidia-ifr1-470_470.223.02-0ubuntu0.22.04.1_i386.deb (75 KB)
Extracting: I:\pool\restricted\n\nvidia-graphics-drivers-470\nvidia-compute-utils-470_470.223.02-0ubuntu0.22.04.1_amd64.deb (110.9 KB)
Extracting: I:\pool\restricted\n\nvidia-graphics-drivers-470\nvidia-dkms-470_470.223.02-0ubuntu0.22.04.1_amd64.deb (30.3 KB)
Extracting: I:\pool\restricted\n\nvidia-graphics-drivers-470\nvidia-driver-460_470.223.02-0ubuntu0.22.04.1_amd64.deb (6.5 KB)
Extracting: I:\pool\restricted\n\nvidia-graphics-drivers-470\nvidia-driver-465_470.223.02-0ubuntu0.22.04.1_amd64.deb (6.5 KB)
Extracting: I:\pool\restricted\n\nvidia-graphics-drivers-470\nvidia-driver-470_470.223.02-0ubuntu0.22.04.1_amd64.deb (442.9 KB)
Extracting: I:\pool\restricted\n\nvidia-graphics-drivers-470\nvidia-kernel-common-470_470.223.02-0ubuntu0.22.04.1_amd64.deb (16.5 MB)
Extracting: I:\pool\restricted\n\nvidia-graphics-drivers-470\nvidia-kernel-source-470_470.223.02-0ubuntu0.22.04.1_amd64.deb (24.5 MB)
Extracting: I:\pool\restricted\n\nvidia-graphics-drivers-470\nvidia-utils-470_470.223.02-0ubuntu0.22.04.1_amd64.deb (398.5 KB)
Extracting: I:\pool\restricted\n\nvidia-graphics-drivers-470\xserver-xorg-video-nvidia-470_470.223.02-0ubuntu0.22.04.1_amd64.deb (1.6 MB)
Extracting: I:\pool\restricted\n\nvidia-graphics-drivers-510\nvidia-driver-495_510.108.03-0ubuntu0.22.04.1_amd64.deb (7.2 KB)
Extracting: I:\pool\restricted\n\nvidia-graphics-drivers-525\libnvidia-cfg1-525_525.147.05-0ubuntu0.22.04.1_amd64.deb (98.8 KB)
Extracting: I:\pool\restricted\n\nvidia-graphics-drivers-525\libnvidia-common-525_525.147.05-0ubuntu0.22.04.1_all.deb (10.7 KB)
Extracting: I:\pool\restricted\n\nvidia-graphics-drivers-525\libnvidia-compute-525_525.147.05-0ubuntu0.22.04.1_amd64.deb (52.6 MB)
Extracting: I:\pool\restricted\n\nvidia-graphics-drivers-525\libnvidia-compute-525_525.147.05-0ubuntu0.22.04.1_i386.deb (53.9 MB)
Extracting: I:\pool\restricted\n\nvidia-graphics-drivers-525\libnvidia-decode-525_525.147.05-0ubuntu0.22.04.1_amd64.deb (1.7 MB)
Extracting: I:\pool\restricted\n\nvidia-graphics-drivers-525\libnvidia-decode-525_525.147.05-0ubuntu0.22.04.1_i386.deb (2.0 MB)
Extracting: I:\pool\restricted\n\nvidia-graphics-drivers-525\libnvidia-encode-525_525.147.05-0ubuntu0.22.04.1_amd64.deb (76.3 KB)
Extracting: I:\pool\restricted\n\nvidia-graphics-drivers-525\libnvidia-encode-525_525.147.05-0ubuntu0.22.04.1_i386.deb (85.6 KB)
Extracting: I:\pool\restricted\n\nvidia-graphics-drivers-525\libnvidia-extra-525_525.147.05-0ubuntu0.22.04.1_amd64.deb (64.3 KB)
Extracting: I:\pool\restricted\n\nvidia-graphics-drivers-525\libnvidia-fbc1-525_525.147.05-0ubuntu0.22.04.1_amd64.deb (50.4 KB)
Extracting: I:\pool\restricted\n\nvidia-graphics-drivers-525\libnvidia-fbc1-525_525.147.05-0ubuntu0.22.04.1_i386.deb (55.9 KB)
Extracting: I:\pool\restricted\n\nvidia-graphics-drivers-525\libnvidia-gl-525_525.147.05-0ubuntu0.22.04.1_amd64.deb (188.4 MB)
Extracting: I:\pool\restricted\n\nvidia-graphics-drivers-525\libnvidia-gl-525_525.147.05-0ubuntu0.22.04.1_i386.deb (28.5 MB)
Extracting: I:\pool\restricted\n\nvidia-graphics-drivers-525\nvidia-compute-utils-525_525.147.05-0ubuntu0.22.04.1_amd64.deb (114.6 KB)
Extracting: I:\pool\restricted\n\nvidia-graphics-drivers-525\nvidia-dkms-525_525.147.05-0ubuntu0.22.04.1_amd64.deb (31.1 KB)
Extracting: I:\pool\restricted\n\nvidia-graphics-drivers-525\nvidia-driver-510_525.147.05-0ubuntu0.22.04.1_amd64.deb (7 KB)
Extracting: I:\pool\restricted\n\nvidia-graphics-drivers-525\nvidia-driver-515_525.147.05-0ubuntu0.22.04.1_amd64.deb (7 KB)
Extracting: I:\pool\restricted\n\nvidia-graphics-drivers-525\nvidia-driver-520_525.147.05-0ubuntu0.22.04.1_amd64.deb (7 KB)
Extracting: I:\pool\restricted\n\nvidia-graphics-drivers-525\nvidia-driver-525_525.147.05-0ubuntu0.22.04.1_amd64.deb (465.2 KB)
Extracting: I:\pool\restricted\n\nvidia-graphics-drivers-525\nvidia-kernel-common-525_525.147.05-0ubuntu0.22.04.1_amd64.deb (40.6 MB)
Extracting: I:\pool\restricted\n\nvidia-graphics-drivers-525\nvidia-kernel-source-525_525.147.05-0ubuntu0.22.04.1_amd64.deb (42.5 MB)
Extracting: I:\pool\restricted\n\nvidia-graphics-drivers-525\nvidia-utils-525_525.147.05-0ubuntu0.22.04.1_amd64.deb (382.4 KB)
Extracting: I:\pool\restricted\n\nvidia-graphics-drivers-525\xserver-xorg-video-nvidia-525_525.147.05-0ubuntu0.22.04.1_amd64.deb (1.5 MB)
Extracting: I:\pool\restricted\n\nvidia-graphics-drivers-535\libnvidia-cfg1-535_535.154.05-0ubuntu0.22.04.1_amd64.deb (107.9 KB)
Extracting: I:\pool\restricted\n\nvidia-graphics-drivers-535\libnvidia-common-535_535.154.05-0ubuntu0.22.04.1_all.deb (16.1 KB)
Extracting: I:\pool\restricted\n\nvidia-graphics-drivers-535\libnvidia-compute-535_535.154.05-0ubuntu0.22.04.1_amd64.deb (38.8 MB)
Extracting: I:\pool\restricted\n\nvidia-graphics-drivers-535\libnvidia-compute-535_535.154.05-0ubuntu0.22.04.1_i386.deb (38.8 MB)
Extracting: I:\pool\restricted\n\nvidia-graphics-drivers-535\libnvidia-decode-535_535.154.05-0ubuntu0.22.04.1_amd64.deb (1.8 MB)
Extracting: I:\pool\restricted\n\nvidia-graphics-drivers-535\libnvidia-decode-535_535.154.05-0ubuntu0.22.04.1_i386.deb (2.1 MB)
Extracting: I:\pool\restricted\n\nvidia-graphics-drivers-535\libnvidia-encode-535_535.154.05-0ubuntu0.22.04.1_amd64.deb (96.8 KB)
Extracting: I:\pool\restricted\n\nvidia-graphics-drivers-535\libnvidia-encode-535_535.154.05-0ubuntu0.22.04.1_i386.deb (105.9 KB)
Extracting: I:\pool\restricted\n\nvidia-graphics-drivers-535\libnvidia-extra-535_535.154.05-0ubuntu0.22.04.1_amd64.deb (71.7 KB)
Extracting: I:\pool\restricted\n\nvidia-graphics-drivers-535\libnvidia-fbc1-535_535.154.05-0ubuntu0.22.04.1_amd64.deb (55.6 KB)
Extracting: I:\pool\restricted\n\nvidia-graphics-drivers-535\libnvidia-fbc1-535_535.154.05-0ubuntu0.22.04.1_i386.deb (61.1 KB)
Extracting: I:\pool\restricted\n\nvidia-graphics-drivers-535\libnvidia-gl-535_535.154.05-0ubuntu0.22.04.1_amd64.deb (186.2 MB)
Extracting: I:\pool\restricted\n\nvidia-graphics-drivers-535\libnvidia-gl-535_535.154.05-0ubuntu0.22.04.1_i386.deb (33.8 MB)
Extracting: I:\pool\restricted\n\nvidia-graphics-drivers-535\nvidia-compute-utils-535_535.154.05-0ubuntu0.22.04.1_amd64.deb (121.6 KB)
Extracting: I:\pool\restricted\n\nvidia-graphics-drivers-535\nvidia-driver-530_535.154.05-0ubuntu0.22.04.1_amd64.deb (12 KB)
Extracting: I:\pool\restricted\n\nvidia-graphics-drivers-535\nvidia-driver-535_535.154.05-0ubuntu0.22.04.1_amd64.deb (476.6 KB)
Extracting: I:\pool\restricted\n\nvidia-graphics-drivers-535\nvidia-firmware-535-535.154.05_535.154.05-0ubuntu0.22.04.1_amd64.deb (37.7 MB)
Extracting: I:\pool\restricted\n\nvidia-graphics-drivers-535\nvidia-kernel-common-535_535.154.05-0ubuntu0.22.04.1_amd64.deb (206.6 KB)
Extracting: I:\pool\restricted\n\nvidia-graphics-drivers-535\nvidia-kernel-source-535_535.154.05-0ubuntu0.22.04.1_amd64.deb (43.1 MB)
Extracting: I:\pool\restricted\n\nvidia-graphics-drivers-535\nvidia-utils-535_535.154.05-0ubuntu0.22.04.1_amd64.deb (404.2 KB)
Extracting: I:\pool\restricted\n\nvidia-graphics-drivers-535\xserver-xorg-video-nvidia-535_535.154.05-0ubuntu0.22.04.1_amd64.deb (1.5 MB)
Extracting: I:\pool\restricted\n\nvidia-graphics-drivers-545\libnvidia-cfg1-545_545.29.06-0ubuntu0.22.04.2_amd64.deb (109.2 KB)
Extracting: I:\pool\restricted\n\nvidia-graphics-drivers-545\libnvidia-common-545_545.29.06-0ubuntu0.22.04.2_all.deb (14.6 KB)
Extracting: I:\pool\restricted\n\nvidia-graphics-drivers-545\libnvidia-compute-545_545.29.06-0ubuntu0.22.04.2_amd64.deb (39.3 MB)
Extracting: I:\pool\restricted\n\nvidia-graphics-drivers-545\libnvidia-decode-545_545.29.06-0ubuntu0.22.04.2_amd64.deb (1.9 MB)
Extracting: I:\pool\restricted\n\nvidia-graphics-drivers-545\libnvidia-encode-545_545.29.06-0ubuntu0.22.04.2_amd64.deb (98.3 KB)
Extracting: I:\pool\restricted\n\nvidia-graphics-drivers-545\libnvidia-extra-545_545.29.06-0ubuntu0.22.04.2_amd64.deb (70.3 KB)
Extracting: I:\pool\restricted\n\nvidia-graphics-drivers-545\libnvidia-fbc1-545_545.29.06-0ubuntu0.22.04.2_amd64.deb (55.9 KB)
Extracting: I:\pool\restricted\n\nvidia-graphics-drivers-545\libnvidia-gl-545_545.29.06-0ubuntu0.22.04.2_amd64.deb (165.5 MB)
Extracting: I:\pool\restricted\n\nvidia-graphics-drivers-545\nvidia-compute-utils-545_545.29.06-0ubuntu0.22.04.2_amd64.deb (120.4 KB)
Extracting: I:\pool\restricted\n\nvidia-graphics-drivers-545\nvidia-dkms-545_545.29.06-0ubuntu0.22.04.2_amd64.deb (34.4 KB)
Extracting: I:\pool\restricted\n\nvidia-graphics-drivers-545\nvidia-driver-545_545.29.06-0ubuntu0.22.04.2_amd64.deb (477.8 KB)
Extracting: I:\pool\restricted\n\nvidia-graphics-drivers-545\nvidia-firmware-545-545.29.06_545.29.06-0ubuntu0.22.04.2_amd64.deb (39.0 MB)
Extracting: I:\pool\restricted\n\nvidia-graphics-drivers-545\nvidia-kernel-common-545_545.29.06-0ubuntu0.22.04.2_amd64.deb (105.3 KB)
Extracting: I:\pool\restricted\n\nvidia-graphics-drivers-545\nvidia-kernel-source-545_545.29.06-0ubuntu0.22.04.2_amd64.deb (42 MB)
Extracting: I:\pool\restricted\n\nvidia-graphics-drivers-545\nvidia-utils-545_545.29.06-0ubuntu0.22.04.2_amd64.deb (404.1 KB)
Extracting: I:\pool\restricted\n\nvidia-graphics-drivers-545\xserver-xorg-video-nvidia-545_545.29.06-0ubuntu0.22.04.2_amd64.deb (1.5 MB)
Extracting: I:\preseed\ubuntu.seed (460 bytes)
Extracting: I:\ubuntu (1 bytes)
  Ignoring Rock Ridge symbolic link to '.'
Finalizing, please wait...
Created: I:autorun.inf
Created: I:autorun.ico

Found USB 3.0 device 'WD Elements 25A3 USB Device' (1058:25A3)
Device eliminated because it was detected as a Hard Drive or SSD (score 43 > 0)
If this device is not a Hard Drive or SSD, please e-mail the author of this application
NOTE: You can enable the listing of Hard Drives under 'advanced drive properties'
Found USB 2.0 device 'General UDisk USB Device' (048D:1234)
Using 'autorun.inf' label for drive I: 'Ubuntu 22.04.4 LTS amd64'
1 device found
Could not get Disk Extents: [0x00000001] Incorrect function.
Disk type: Removable, Disk size: 64 GB, Sector size: 512 bytes
Cylinders: 7648, Tracks per cylinder: 255, Sectors per track: 63
Partition type: MBR, NB Partitions: 1
Disk ID: 0x1E3E6131
Drive has a Grub 2.0 Master Boot Record
Partition 1:
  Type: FAT32 LBA (0x0c)
  Detected File System: FAT32
  Size: 58.6 GB (62913478656 bytes)
  Start Sector: 2048, Boot: Yes
